{"/home/travis/build/npmtest/node-npmtest-yeoman/test.js":{"path":"/home/travis/build/npmtest/node-npmtest-yeoman/test.js","s":{"1":2,"2":2,"3":2,"4":2,"5":2,"6":2,"7":2,"8":1,"9":2,"10":2,"11":1,"12":1,"13":1,"14":1,"15":2,"16":2,"17":2,"18":2,"19":1,"20":1,"21":2,"22":2,"23":2,"24":1,"25":1,"26":1,"27":1,"28":1,"29":1,"30":1,"31":1,"32":1,"33":1,"34":1,"35":1,"36":1,"37":1,"38":1,"39":2,"40":2,"41":1,"42":2,"43":2,"44":1,"45":2,"46":2,"47":1,"48":2,"49":2,"50":1,"51":1,"52":1,"53":1,"54":1},"b":{"1":[2,1,1,1],"2":[1,1,1,1],"3":[1,1],"4":[1,1],"5":[1,1],"6":[1,1],"7":[1,1],"8":[1,1],"9":[1,1],"10":[1,1,1],"11":[1,1],"12":[1,1],"13":[1,1],"14":[1,1],"15":[1,1],"16":[1,1],"17":[1,1]},"f":{"1":2,"2":2,"3":2,"4":2,"5":2,"6":1,"7":1,"8":1,"9":2,"10":2,"11":2,"12":2,"13":1},"fnMap":{"1":{"name":"(anonymous_1)","line":12,"loc":{"start":{"line":12,"column":1},"end":{"line":12,"column":13}}},"2":{"name":"(anonymous_2)","line":19,"loc":{"start":{"line":19,"column":5},"end":{"line":19,"column":17}}},"3":{"name":"(anonymous_3)","line":23,"loc":{"start":{"line":23,"column":24},"end":{"line":23,"column":36}}},"4":{"name":"(anonymous_4)","line":61,"loc":{"start":{"line":61,"column":5},"end":{"line":61,"column":17}}},"5":{"name":"(anonymous_5)","line":82,"loc":{"start":{"line":82,"column":5},"end":{"line":82,"column":17}}},"6":{"name":"(anonymous_6)","line":91,"loc":{"start":{"line":91,"column":77},"end":{"line":94,"column":10}}},"7":{"name":"(anonymous_7)","line":112,"loc":{"start":{"line":112,"column":83},"end":{"line":115,"column":10}},"skip":true},"8":{"name":"(anonymous_8)","line":123,"loc":{"start":{"line":123,"column":77},"end":{"line":126,"column":10}},"skip":true},"9":{"name":"(anonymous_9)","line":139,"loc":{"start":{"line":139,"column":12},"end":{"line":139,"column":40}},"skip":true},"10":{"name":"(anonymous_10)","line":147,"loc":{"start":{"line":147,"column":77},"end":{"line":150,"column":10}},"skip":true},"11":{"name":"(anonymous_11)","line":158,"loc":{"start":{"line":158,"column":83},"end":{"line":161,"column":10}},"skip":true},"12":{"name":"(anonymous_12)","line":169,"loc":{"start":{"line":169,"column":79},"end":{"line":172,"column":10}},"skip":true},"13":{"name":"(anonymous_13)","line":180,"loc":{"start":{"line":180,"column":75},"end":{"line":183,"column":10}},"skip":true}},"statementMap":{"1":{"start":{"line":12,"column":0},"end":{"line":195,"column":5}},"2":{"start":{"line":14,"column":4},"end":{"line":14,"column":14}},"3":{"start":{"line":19,"column":4},"end":{"line":56,"column":9}},"4":{"start":{"line":21,"column":8},"end":{"line":21,"column":19}},"5":{"start":{"line":23,"column":8},"end":{"line":35,"column":13}},"6":{"start":{"line":24,"column":12},"end":{"line":34,"column":13}},"7":{"start":{"line":25,"column":16},"end":{"line":28,"column":30}},"8":{"start":{"line":30,"column":16},"end":{"line":33,"column":27}},"9":{"start":{"line":37,"column":8},"end":{"line":39,"column":21}},"10":{"start":{"line":40,"column":8},"end":{"line":53,"column":9}},"11":{"start":{"line":43,"column":12},"end":{"line":46,"column":14}},"12":{"start":{"line":47,"column":12},"end":{"line":47,"column":18}},"13":{"start":{"line":50,"column":12},"end":{"line":51,"column":33}},"14":{"start":{"line":52,"column":12},"end":{"line":52,"column":18}},"15":{"start":{"line":55,"column":8},"end":{"line":55,"column":35}},"16":{"start":{"line":61,"column":4},"end":{"line":63,"column":9}},"17":{"start":{"line":62,"column":8},"end":{"line":62,"column":15}},"18":{"start":{"line":64,"column":4},"end":{"line":77,"column":5}},"19":{"start":{"line":70,"column":8},"end":{"line":70,"column":14}},"20":{"start":{"line":76,"column":8},"end":{"line":76,"column":14}},"21":{"start":{"line":82,"column":4},"end":{"line":84,"column":9}},"22":{"start":{"line":83,"column":8},"end":{"line":83,"column":15}},"23":{"start":{"line":85,"column":4},"end":{"line":194,"column":5}},"24":{"start":{"line":91,"column":8},"end":{"line":99,"column":10}},"25":{"start":{"line":98,"column":12},"end":{"line":98,"column":35}},"26":{"start":{"line":102,"column":8},"end":{"line":104,"column":63}},"27":{"start":{"line":105,"column":8},"end":{"line":105,"column":14}},"28":{"start":{"line":112,"column":8},"end":{"line":121,"column":10},"skip":true},"29":{"start":{"line":119,"column":12},"end":{"line":119,"column":55},"skip":true},"30":{"start":{"line":120,"column":12},"end":{"line":120,"column":48},"skip":true},"31":{"start":{"line":123,"column":8},"end":{"line":136,"column":10},"skip":true},"32":{"start":{"line":130,"column":12},"end":{"line":130,"column":76},"skip":true},"33":{"start":{"line":131,"column":12},"end":{"line":131,"column":73},"skip":true},"34":{"start":{"line":132,"column":12},"end":{"line":132,"column":74},"skip":true},"35":{"start":{"line":133,"column":12},"end":{"line":133,"column":79},"skip":true},"36":{"start":{"line":134,"column":12},"end":{"line":134,"column":25},"skip":true},"37":{"start":{"line":135,"column":12},"end":{"line":135,"column":45},"skip":true},"38":{"start":{"line":138,"column":8},"end":{"line":145,"column":14},"skip":true},"39":{"start":{"line":143,"column":16},"end":{"line":143,"column":29},"skip":true},"40":{"start":{"line":144,"column":16},"end":{"line":144,"column":55},"skip":true},"41":{"start":{"line":147,"column":8},"end":{"line":156,"column":10},"skip":true},"42":{"start":{"line":154,"column":12},"end":{"line":154,"column":25},"skip":true},"43":{"start":{"line":155,"column":12},"end":{"line":155,"column":45},"skip":true},"44":{"start":{"line":158,"column":8},"end":{"line":167,"column":10},"skip":true},"45":{"start":{"line":165,"column":12},"end":{"line":165,"column":25},"skip":true},"46":{"start":{"line":166,"column":12},"end":{"line":166,"column":48},"skip":true},"47":{"start":{"line":169,"column":8},"end":{"line":178,"column":10},"skip":true},"48":{"start":{"line":176,"column":12},"end":{"line":176,"column":25},"skip":true},"49":{"start":{"line":177,"column":12},"end":{"line":177,"column":46},"skip":true},"50":{"start":{"line":180,"column":8},"end":{"line":189,"column":10},"skip":true},"51":{"start":{"line":187,"column":12},"end":{"line":187,"column":94},"skip":true},"52":{"start":{"line":188,"column":12},"end":{"line":188,"column":48},"skip":true},"53":{"start":{"line":192,"column":8},"end":{"line":192,"column":35},"skip":true},"54":{"start":{"line":193,"column":8},"end":{"line":193,"column":14},"skip":true}},"branchMap":{"1":{"line":25,"type":"binary-expr","locations":[{"start":{"line":25,"column":23},"end":{"line":25,"column":62}},{"start":{"line":26,"column":20},"end":{"line":26,"column":70}},{"start":{"line":27,"column":20},"end":{"line":27,"column":71}},{"start":{"line":28,"column":20},"end":{"line":28,"column":29}}]},"2":{"line":30,"type":"binary-expr","locations":[{"start":{"line":30,"column":23},"end":{"line":30,"column":37}},{"start":{"line":31,"column":20},"end":{"line":31,"column":61}},{"start":{"line":32,"column":20},"end":{"line":32,"column":70}},{"start":{"line":33,"column":20},"end":{"line":33,"column":26}}]},"3":{"line":37,"type":"cond-expr","locations":[{"start":{"line":38,"column":14},"end":{"line":38,"column":20}},{"start":{"line":39,"column":14},"end":{"line":39,"column":20}}]},"4":{"line":40,"type":"switch","locations":[{"start":{"line":42,"column":8},"end":{"line":47,"column":18}},{"start":{"line":49,"column":8},"end":{"line":52,"column":18}}]},"5":{"line":44,"type":"binary-expr","locations":[{"start":{"line":44,"column":16},"end":{"line":44,"column":44}},{"start":{"line":44,"column":48},"end":{"line":44,"column":66}}]},"6":{"line":50,"type":"binary-expr","locations":[{"start":{"line":50,"column":21},"end":{"line":50,"column":49}},{"start":{"line":50,"column":53},"end":{"line":50,"column":72}}]},"7":{"line":64,"type":"switch","locations":[{"start":{"line":69,"column":4},"end":{"line":70,"column":14}},{"start":{"line":75,"column":4},"end":{"line":76,"column":14}}]},"8":{"line":85,"type":"switch","locations":[{"start":{"line":90,"column":4},"end":{"line":105,"column":14}},{"start":{"line":111,"column":4},"end":{"line":193,"column":14},"skip":true}]},"9":{"line":91,"type":"binary-expr","locations":[{"start":{"line":91,"column":42},"end":{"line":91,"column":73}},{"start":{"line":91,"column":77},"end":{"line":99,"column":9}}]},"10":{"line":102,"type":"binary-expr","locations":[{"start":{"line":102,"column":18},"end":{"line":102,"column":32}},{"start":{"line":103,"column":12},"end":{"line":103,"column":53}},{"start":{"line":104,"column":12},"end":{"line":104,"column":61}}]},"11":{"line":112,"type":"binary-expr","locations":[{"start":{"line":112,"column":45},"end":{"line":112,"column":79},"skip":true},{"start":{"line":112,"column":83},"end":{"line":121,"column":9},"skip":true}]},"12":{"line":123,"type":"binary-expr","locations":[{"start":{"line":123,"column":42},"end":{"line":123,"column":73},"skip":true},{"start":{"line":123,"column":77},"end":{"line":136,"column":9},"skip":true}]},"13":{"line":138,"type":"binary-expr","locations":[{"start":{"line":138,"column":48},"end":{"line":138,"column":85},"skip":true},{"start":{"line":139,"column":12},"end":{"line":145,"column":13},"skip":true}]},"14":{"line":147,"type":"binary-expr","locations":[{"start":{"line":147,"column":42},"end":{"line":147,"column":73},"skip":true},{"start":{"line":147,"column":77},"end":{"line":156,"column":9},"skip":true}]},"15":{"line":158,"type":"binary-expr","locations":[{"start":{"line":158,"column":45},"end":{"line":158,"column":79},"skip":true},{"start":{"line":158,"column":83},"end":{"line":167,"column":9},"skip":true}]},"16":{"line":169,"type":"binary-expr","locations":[{"start":{"line":169,"column":43},"end":{"line":169,"column":75},"skip":true},{"start":{"line":169,"column":79},"end":{"line":178,"column":9},"skip":true}]},"17":{"line":180,"type":"binary-expr","locations":[{"start":{"line":180,"column":41},"end":{"line":180,"column":71},"skip":true},{"start":{"line":180,"column":75},"end":{"line":189,"column":9},"skip":true}]}},"code":["/* istanbul instrument in package npmtest_yeoman */","/*jslint","    bitwise: true,","    browser: true,","    maxerr: 8,","    maxlen: 96,","    node: true,","    nomen: true,","    regexp: true,","    stupid: true","*/","(function () {","    'use strict';","    var local;","","","","    // run shared js-env code - pre-init","    (function () {","        // init local","        local = {};","        // init modeJs","        local.modeJs = (function () {","            try {","                return typeof navigator.userAgent === 'string' &&","                    typeof document.querySelector('body') === 'object' &&","                    typeof XMLHttpRequest.prototype.open === 'function' &&","                    'browser';","            } catch (errorCaughtBrowser) {","                return module.exports &&","                    typeof process.versions.node === 'string' &&","                    typeof require('http').createServer === 'function' &&","                    'node';","            }","        }());","        // init global","        local.global = local.modeJs === 'browser'","            ? window","            : global;","        switch (local.modeJs) {","        // re-init local from window.local","        case 'browser':","            local = local.global.utility2.objectSetDefault(","                local.global.utility2_rollup || local.global.local,","                local.global.utility2","            );","            break;","        // re-init local from example.js","        case 'node':","            local = (local.global.utility2_rollup || require('utility2'))","                .requireReadme();","            break;","        }","        // export local","        local.global.local = local;","    }());","","","","    // run shared js-env code - function","    (function () {","        return;","    }());","    switch (local.modeJs) {","","","","    // run browser js-env code - function","    case 'browser':","        break;","","","","    // run node js-env code - function","    case 'node':","        break;","    }","","","","    // run shared js-env code - post-init","    (function () {","        return;","    }());","    switch (local.modeJs) {","","","","    // run browser js-env code - post-init","    case 'browser':","        local.testCase_browser_nullCase = local.testCase_browser_nullCase || function (","            options,","            onError","        ) {","        /*","         * this function will test browsers's null-case handling-behavior-behavior","         */","            onError(null, options);","        };","","        // run tests","        local.nop(local.modeTest &&","            document.querySelector('#testRunButton1') &&","            document.querySelector('#testRunButton1').click());","        break;","","","","    // run node js-env code - post-init","    /* istanbul ignore next */","    case 'node':","        local.testCase_buildApidoc_default = local.testCase_buildApidoc_default || function (","            options,","            onError","        ) {","        /*","         * this function will test buildApidoc's default handling-behavior-behavior","         */","            options = { modulePathList: module.paths };","            local.buildApidoc(options, onError);","        };","","        local.testCase_buildApp_default = local.testCase_buildApp_default || function (","            options,","            onError","        ) {","        /*","         * this function will test buildApp's default handling-behavior-behavior","         */","            local.testCase_buildReadme_default(options, local.onErrorThrow);","            local.testCase_buildLib_default(options, local.onErrorThrow);","            local.testCase_buildTest_default(options, local.onErrorThrow);","            local.testCase_buildCustomOrg_default(options, local.onErrorThrow);","            options = [];","            local.buildApp(options, onError);","        };","","        local.testCase_buildCustomOrg_default = local.testCase_buildCustomOrg_default ||","            function (options, onError) {","            /*","             * this function will test buildCustomOrg's default handling-behavior","             */","                options = {};","                local.buildCustomOrg(options, onError);","            };","","        local.testCase_buildLib_default = local.testCase_buildLib_default || function (","            options,","            onError","        ) {","        /*","         * this function will test buildLib's default handling-behavior","         */","            options = {};","            local.buildLib(options, onError);","        };","","        local.testCase_buildReadme_default = local.testCase_buildReadme_default || function (","            options,","            onError","        ) {","        /*","         * this function will test buildReadme's default handling-behavior-behavior","         */","            options = {};","            local.buildReadme(options, onError);","        };","","        local.testCase_buildTest_default = local.testCase_buildTest_default || function (","            options,","            onError","        ) {","        /*","         * this function will test buildTest's default handling-behavior","         */","            options = {};","            local.buildTest(options, onError);","        };","","        local.testCase_webpage_default = local.testCase_webpage_default || function (","            options,","            onError","        ) {","        /*","         * this function will test webpage's default handling-behavior","         */","            options = { modeCoverageMerge: true, url: local.serverLocalHost + '?modeTest=1' };","            local.browserTest(options, onError);","        };","","        // run test-server","        local.testRunServer(local);","        break;","    }","}());",""],"l":{"12":2,"14":2,"19":2,"21":2,"23":2,"24":2,"25":2,"30":1,"37":2,"40":2,"43":1,"47":1,"50":1,"52":1,"55":2,"61":2,"62":2,"64":2,"70":1,"76":1,"82":2,"83":2,"85":2,"91":1,"98":1,"102":1,"105":1,"112":1,"119":1,"120":1,"123":1,"130":1,"131":1,"132":1,"133":1,"134":1,"135":1,"138":1,"143":2,"144":2,"147":1,"154":2,"155":2,"158":1,"165":2,"166":2,"169":1,"176":2,"177":2,"180":1,"187":1,"188":1,"192":1,"193":1}},"/home/travis/build/npmtest/node-npmtest-yeoman/lib.npmtest_yeoman.js":{"path":"/home/travis/build/npmtest/node-npmtest-yeoman/lib.npmtest_yeoman.js","s":{"1":2,"2":2,"3":2,"4":2,"5":2,"6":2,"7":2,"8":1,"9":2,"10":2,"11":2,"12":2,"13":1,"14":1,"15":1,"16":1},"b":{"1":[2,1,1,1],"2":[1,1,1,1],"3":[1,1],"4":[2,2],"5":[1,1]},"f":{"1":2,"2":2,"3":2},"fnMap":{"1":{"name":"(anonymous_1)","line":12,"loc":{"start":{"line":12,"column":1},"end":{"line":12,"column":13}}},"2":{"name":"(anonymous_2)","line":19,"loc":{"start":{"line":19,"column":5},"end":{"line":19,"column":17}}},"3":{"name":"(anonymous_3)","line":23,"loc":{"start":{"line":23,"column":24},"end":{"line":23,"column":36}}}},"statementMap":{"1":{"start":{"line":12,"column":0},"end":{"line":53,"column":5}},"2":{"start":{"line":14,"column":4},"end":{"line":14,"column":14}},"3":{"start":{"line":19,"column":4},"end":{"line":52,"column":9}},"4":{"start":{"line":21,"column":8},"end":{"line":21,"column":19}},"5":{"start":{"line":23,"column":8},"end":{"line":35,"column":13}},"6":{"start":{"line":24,"column":12},"end":{"line":34,"column":13}},"7":{"start":{"line":25,"column":16},"end":{"line":28,"column":30}},"8":{"start":{"line":30,"column":16},"end":{"line":33,"column":27}},"9":{"start":{"line":37,"column":8},"end":{"line":39,"column":21}},"10":{"start":{"line":41,"column":8},"end":{"line":41,"column":54}},"11":{"start":{"line":43,"column":8},"end":{"line":43,"column":51}},"12":{"start":{"line":45,"column":8},"end":{"line":51,"column":9}},"13":{"start":{"line":46,"column":12},"end":{"line":46,"column":57}},"14":{"start":{"line":48,"column":12},"end":{"line":48,"column":35}},"15":{"start":{"line":49,"column":12},"end":{"line":49,"column":49}},"16":{"start":{"line":50,"column":12},"end":{"line":50,"column":43}}},"branchMap":{"1":{"line":25,"type":"binary-expr","locations":[{"start":{"line":25,"column":23},"end":{"line":25,"column":62}},{"start":{"line":26,"column":20},"end":{"line":26,"column":70}},{"start":{"line":27,"column":20},"end":{"line":27,"column":71}},{"start":{"line":28,"column":20},"end":{"line":28,"column":29}}]},"2":{"line":30,"type":"binary-expr","locations":[{"start":{"line":30,"column":23},"end":{"line":30,"column":37}},{"start":{"line":31,"column":20},"end":{"line":31,"column":61}},{"start":{"line":32,"column":20},"end":{"line":32,"column":70}},{"start":{"line":33,"column":20},"end":{"line":33,"column":26}}]},"3":{"line":37,"type":"cond-expr","locations":[{"start":{"line":38,"column":14},"end":{"line":38,"column":20}},{"start":{"line":39,"column":14},"end":{"line":39,"column":20}}]},"4":{"line":41,"type":"binary-expr","locations":[{"start":{"line":41,"column":16},"end":{"line":41,"column":44}},{"start":{"line":41,"column":48},"end":{"line":41,"column":53}}]},"5":{"line":45,"type":"if","locations":[{"start":{"line":45,"column":8},"end":{"line":45,"column":8}},{"start":{"line":45,"column":8},"end":{"line":45,"column":8}}]}},"code":["/* istanbul instrument in package npmtest_yeoman */","/*jslint","    bitwise: true,","    browser: true,","    maxerr: 8,","    maxlen: 96,","    node: true,","    nomen: true,","    regexp: true,","    stupid: true","*/","(function () {","    'use strict';","    var local;","","","","    // run shared js-env code - pre-init","    (function () {","        // init local","        local = {};","        // init modeJs","        local.modeJs = (function () {","            try {","                return typeof navigator.userAgent === 'string' &&","                    typeof document.querySelector('body') === 'object' &&","                    typeof XMLHttpRequest.prototype.open === 'function' &&","                    'browser';","            } catch (errorCaughtBrowser) {","                return module.exports &&","                    typeof process.versions.node === 'string' &&","                    typeof require('http').createServer === 'function' &&","                    'node';","            }","        }());","        // init global","        local.global = local.modeJs === 'browser'","            ? window","            : global;","        // init utility2_rollup","        local = local.global.utility2_rollup || local;","        // init lib","        local.local = local.npmtest_yeoman = local;","        // init exports","        if (local.modeJs === 'browser') {","            local.global.utility2_npmtest_yeoman = local;","        } else {","            module.exports = local;","            module.exports.__dirname = __dirname;","            module.exports.module = module;","        }","    }());","}());",""],"l":{"12":2,"14":2,"19":2,"21":2,"23":2,"24":2,"25":2,"30":1,"37":2,"41":2,"43":2,"45":2,"46":1,"48":1,"49":1,"50":1}},"/home/travis/build/npmtest/node-npmtest-yeoman/example.js":{"path":"/home/travis/build/npmtest/node-npmtest-yeoman/example.js","s":{"1":2,"2":2,"3":2,"4":2,"5":2,"6":2,"7":2,"8":1,"9":2,"10":2,"11":2,"12":2,"13":1,"14":2,"15":2,"16":2,"17":2,"18":2,"19":0,"20":2,"21":1,"22":1,"23":1,"24":1,"25":1,"26":0,"27":0,"28":1,"29":1,"30":2,"31":0,"32":0,"33":0,"34":1,"35":2,"36":2,"37":3,"38":3,"39":3,"40":3,"41":0,"42":3,"43":3,"44":3,"45":1,"46":3,"47":1,"48":1,"49":1,"50":1,"51":1,"52":1,"53":1,"54":1,"55":1,"56":1,"57":0,"58":1,"59":6,"60":6,"61":1,"62":2,"63":0,"64":2,"65":1,"66":1,"67":0,"68":0,"69":0,"70":0,"71":0,"72":0,"73":0,"74":0,"75":0,"76":0,"77":0,"78":0,"79":0,"80":0,"81":0,"82":0,"83":0},"b":{"1":[2,1,1,1],"2":[1,1,1,1],"3":[1,1],"4":[2,2],"5":[1,1],"6":[1,1],"7":[2,0],"8":[2,1,1,1,1,1],"9":[0,2,0],"10":[1,1],"11":[2,1,1],"12":[1,0],"13":[0,2],"14":[2,0,0,0,0,0,0],"15":[0,3],"16":[3,0],"17":[1,1],"18":[0,1],"19":[1,2,0,2],"20":[1,0],"21":[1,1],"22":[0,0],"23":[0,0],"24":[0,0],"25":[0,0],"26":[0,0],"27":[0,0],"28":[0,0]},"f":{"1":2,"2":2,"3":2,"4":2,"5":2,"6":2,"7":3,"8":3,"9":3,"10":1,"11":6,"12":0},"fnMap":{"1":{"name":"(anonymous_1)","line":26,"loc":{"start":{"line":26,"column":1},"end":{"line":26,"column":13}}},"2":{"name":"(anonymous_2)","line":33,"loc":{"start":{"line":33,"column":5},"end":{"line":33,"column":17}}},"3":{"name":"(anonymous_3)","line":37,"loc":{"start":{"line":37,"column":24},"end":{"line":37,"column":36}}},"4":{"name":"(anonymous_4)","line":69,"loc":{"start":{"line":69,"column":31},"end":{"line":69,"column":48}},"skip":true},"5":{"name":"(anonymous_5)","line":78,"loc":{"start":{"line":78,"column":26},"end":{"line":78,"column":45}},"skip":true},"6":{"name":"(anonymous_6)","line":123,"loc":{"start":{"line":123,"column":33},"end":{"line":123,"column":48}},"skip":true},"7":{"name":"(anonymous_7)","line":125,"loc":{"start":{"line":125,"column":27},"end":{"line":125,"column":39}},"skip":true},"8":{"name":"(anonymous_8)","line":133,"loc":{"start":{"line":133,"column":59},"end":{"line":133,"column":74}},"skip":true},"9":{"name":"(anonymous_9)","line":143,"loc":{"start":{"line":143,"column":45},"end":{"line":143,"column":62}},"skip":true},"10":{"name":"(anonymous_10)","line":144,"loc":{"start":{"line":144,"column":73},"end":{"line":144,"column":92}},"skip":true},"11":{"name":"(anonymous_11)","line":272,"loc":{"start":{"line":272,"column":51},"end":{"line":272,"column":77}},"skip":true},"12":{"name":"(anonymous_12)","line":315,"loc":{"start":{"line":315,"column":32},"end":{"line":315,"column":61}},"skip":true}},"statementMap":{"1":{"start":{"line":26,"column":0},"end":{"line":326,"column":5}},"2":{"start":{"line":28,"column":4},"end":{"line":28,"column":14}},"3":{"start":{"line":33,"column":4},"end":{"line":60,"column":9}},"4":{"start":{"line":35,"column":8},"end":{"line":35,"column":19}},"5":{"start":{"line":37,"column":8},"end":{"line":49,"column":13}},"6":{"start":{"line":38,"column":12},"end":{"line":48,"column":13}},"7":{"start":{"line":39,"column":16},"end":{"line":42,"column":30}},"8":{"start":{"line":44,"column":16},"end":{"line":47,"column":27}},"9":{"start":{"line":51,"column":8},"end":{"line":53,"column":21}},"10":{"start":{"line":55,"column":8},"end":{"line":57,"column":45}},"11":{"start":{"line":59,"column":8},"end":{"line":59,"column":35}},"12":{"start":{"line":61,"column":4},"end":{"line":325,"column":5}},"13":{"start":{"line":69,"column":8},"end":{"line":121,"column":10},"skip":true},"14":{"start":{"line":70,"column":12},"end":{"line":88,"column":13},"skip":true},"15":{"start":{"line":76,"column":16},"end":{"line":87,"column":19},"skip":true},"16":{"start":{"line":79,"column":20},"end":{"line":86,"column":21},"skip":true},"17":{"start":{"line":82,"column":24},"end":{"line":82,"column":43},"skip":true},"18":{"start":{"line":83,"column":24},"end":{"line":83,"column":30},"skip":true},"19":{"start":{"line":85,"column":24},"end":{"line":85,"column":49},"skip":true},"20":{"start":{"line":89,"column":12},"end":{"line":107,"column":13},"skip":true},"21":{"start":{"line":92,"column":16},"end":{"line":102,"column":17},"skip":true},"22":{"start":{"line":93,"column":20},"end":{"line":93,"column":86},"skip":true},"23":{"start":{"line":94,"column":20},"end":{"line":95,"column":45},"skip":true},"24":{"start":{"line":96,"column":20},"end":{"line":96,"column":42},"skip":true},"25":{"start":{"line":97,"column":20},"end":{"line":97,"column":48},"skip":true},"26":{"start":{"line":100,"column":20},"end":{"line":100,"column":85},"skip":true},"27":{"start":{"line":101,"column":20},"end":{"line":101,"column":96},"skip":true},"28":{"start":{"line":103,"column":16},"end":{"line":103,"column":22},"skip":true},"29":{"start":{"line":106,"column":16},"end":{"line":106,"column":22},"skip":true},"30":{"start":{"line":108,"column":12},"end":{"line":120,"column":13},"skip":true},"31":{"start":{"line":114,"column":16},"end":{"line":119,"column":17},"skip":true},"32":{"start":{"line":116,"column":20},"end":{"line":116,"column":78},"skip":true},"33":{"start":{"line":118,"column":20},"end":{"line":118,"column":47},"skip":true},"34":{"start":{"line":123,"column":8},"end":{"line":141,"column":11},"skip":true},"35":{"start":{"line":124,"column":12},"end":{"line":124,"column":54},"skip":true},"36":{"start":{"line":125,"column":12},"end":{"line":140,"column":14},"skip":true},"37":{"start":{"line":126,"column":16},"end":{"line":126,"column":28},"skip":true},"38":{"start":{"line":127,"column":16},"end":{"line":127,"column":69},"skip":true},"39":{"start":{"line":128,"column":16},"end":{"line":128,"column":75},"skip":true},"40":{"start":{"line":129,"column":16},"end":{"line":131,"column":17},"skip":true},"41":{"start":{"line":130,"column":20},"end":{"line":130,"column":27},"skip":true},"42":{"start":{"line":133,"column":16},"end":{"line":137,"column":36},"skip":true},"43":{"start":{"line":134,"column":20},"end":{"line":136,"column":55},"skip":true},"44":{"start":{"line":139,"column":16},"end":{"line":139,"column":57},"skip":true},"45":{"start":{"line":143,"column":8},"end":{"line":147,"column":11},"skip":true},"46":{"start":{"line":144,"column":12},"end":{"line":146,"column":15},"skip":true},"47":{"start":{"line":145,"column":16},"end":{"line":145,"column":70},"skip":true},"48":{"start":{"line":149,"column":8},"end":{"line":149,"column":31},"skip":true},"49":{"start":{"line":150,"column":8},"end":{"line":150,"column":14},"skip":true},"50":{"start":{"line":158,"column":8},"end":{"line":158,"column":31},"skip":true},"51":{"start":{"line":160,"column":8},"end":{"line":160,"column":33},"skip":true},"52":{"start":{"line":161,"column":8},"end":{"line":161,"column":37},"skip":true},"53":{"start":{"line":162,"column":8},"end":{"line":162,"column":35},"skip":true},"54":{"start":{"line":164,"column":8},"end":{"line":164,"column":50},"skip":true},"55":{"start":{"line":166,"column":8},"end":{"line":256,"column":2},"skip":true},"56":{"start":{"line":258,"column":8},"end":{"line":286,"column":9},"skip":true},"57":{"start":{"line":259,"column":12},"end":{"line":269,"column":14},"skip":true},"58":{"start":{"line":271,"column":12},"end":{"line":285,"column":19},"skip":true},"59":{"start":{"line":274,"column":20},"end":{"line":274,"column":35},"skip":true},"60":{"start":{"line":275,"column":20},"end":{"line":284,"column":21},"skip":true},"61":{"start":{"line":277,"column":24},"end":{"line":277,"column":64},"skip":true},"62":{"start":{"line":279,"column":24},"end":{"line":279,"column":40},"skip":true},"63":{"start":{"line":281,"column":24},"end":{"line":281,"column":40},"skip":true},"64":{"start":{"line":283,"column":24},"end":{"line":283,"column":39},"skip":true},"65":{"start":{"line":288,"column":8},"end":{"line":290,"column":9},"skip":true},"66":{"start":{"line":289,"column":12},"end":{"line":289,"column":18},"skip":true},"67":{"start":{"line":291,"column":8},"end":{"line":293,"column":54},"skip":true},"68":{"start":{"line":296,"column":8},"end":{"line":301,"column":37},"skip":true},"69":{"start":{"line":303,"column":8},"end":{"line":303,"column":82},"skip":true},"70":{"start":{"line":306,"column":8},"end":{"line":308,"column":9},"skip":true},"71":{"start":{"line":307,"column":12},"end":{"line":307,"column":82},"skip":true},"72":{"start":{"line":310,"column":8},"end":{"line":312,"column":9},"skip":true},"73":{"start":{"line":311,"column":12},"end":{"line":311,"column":18},"skip":true},"74":{"start":{"line":313,"column":8},"end":{"line":313,"column":54},"skip":true},"75":{"start":{"line":314,"column":8},"end":{"line":314,"column":69},"skip":true},"76":{"start":{"line":315,"column":8},"end":{"line":323,"column":36},"skip":true},"77":{"start":{"line":316,"column":12},"end":{"line":316,"column":61},"skip":true},"78":{"start":{"line":317,"column":12},"end":{"line":320,"column":13},"skip":true},"79":{"start":{"line":318,"column":16},"end":{"line":318,"column":75},"skip":true},"80":{"start":{"line":319,"column":16},"end":{"line":319,"column":23},"skip":true},"81":{"start":{"line":321,"column":12},"end":{"line":321,"column":38},"skip":true},"82":{"start":{"line":322,"column":12},"end":{"line":322,"column":27},"skip":true},"83":{"start":{"line":324,"column":8},"end":{"line":324,"column":14},"skip":true}},"branchMap":{"1":{"line":39,"type":"binary-expr","locations":[{"start":{"line":39,"column":23},"end":{"line":39,"column":62}},{"start":{"line":40,"column":20},"end":{"line":40,"column":70}},{"start":{"line":41,"column":20},"end":{"line":41,"column":71}},{"start":{"line":42,"column":20},"end":{"line":42,"column":29}}]},"2":{"line":44,"type":"binary-expr","locations":[{"start":{"line":44,"column":23},"end":{"line":44,"column":37}},{"start":{"line":45,"column":20},"end":{"line":45,"column":61}},{"start":{"line":46,"column":20},"end":{"line":46,"column":70}},{"start":{"line":47,"column":20},"end":{"line":47,"column":26}}]},"3":{"line":51,"type":"cond-expr","locations":[{"start":{"line":52,"column":14},"end":{"line":52,"column":20}},{"start":{"line":53,"column":14},"end":{"line":53,"column":20}}]},"4":{"line":55,"type":"binary-expr","locations":[{"start":{"line":55,"column":16},"end":{"line":55,"column":44}},{"start":{"line":55,"column":49},"end":{"line":57,"column":43}}]},"5":{"line":55,"type":"cond-expr","locations":[{"start":{"line":56,"column":14},"end":{"line":56,"column":50}},{"start":{"line":57,"column":14},"end":{"line":57,"column":43}}]},"6":{"line":61,"type":"switch","locations":[{"start":{"line":68,"column":4},"end":{"line":150,"column":14},"skip":true},{"start":{"line":156,"column":4},"end":{"line":324,"column":14},"skip":true}]},"7":{"line":70,"type":"if","locations":[{"start":{"line":70,"column":12},"end":{"line":70,"column":12},"skip":true},{"start":{"line":70,"column":12},"end":{"line":70,"column":12},"skip":true}]},"8":{"line":70,"type":"binary-expr","locations":[{"start":{"line":70,"column":16},"end":{"line":70,"column":22},"skip":true},{"start":{"line":70,"column":27},"end":{"line":70,"column":32},"skip":true},{"start":{"line":71,"column":20},"end":{"line":71,"column":39},"skip":true},{"start":{"line":72,"column":20},"end":{"line":72,"column":49},"skip":true},{"start":{"line":73,"column":20},"end":{"line":73,"column":58},"skip":true},{"start":{"line":74,"column":20},"end":{"line":74,"column":69},"skip":true}]},"9":{"line":79,"type":"switch","locations":[{"start":{"line":80,"column":20},"end":{"line":80,"column":33},"skip":true},{"start":{"line":81,"column":20},"end":{"line":83,"column":30},"skip":true},{"start":{"line":84,"column":20},"end":{"line":85,"column":49},"skip":true}]},"10":{"line":89,"type":"switch","locations":[{"start":{"line":90,"column":12},"end":{"line":103,"column":22},"skip":true},{"start":{"line":105,"column":12},"end":{"line":106,"column":22},"skip":true}]},"11":{"line":89,"type":"binary-expr","locations":[{"start":{"line":89,"column":20},"end":{"line":89,"column":25},"skip":true},{"start":{"line":89,"column":29},"end":{"line":89,"column":48},"skip":true},{"start":{"line":89,"column":52},"end":{"line":89,"column":74},"skip":true}]},"12":{"line":92,"type":"if","locations":[{"start":{"line":92,"column":16},"end":{"line":92,"column":16},"skip":true},{"start":{"line":92,"column":16},"end":{"line":92,"column":16},"skip":true}]},"13":{"line":108,"type":"if","locations":[{"start":{"line":108,"column":12},"end":{"line":108,"column":12},"skip":true},{"start":{"line":108,"column":12},"end":{"line":108,"column":12},"skip":true}]},"14":{"line":108,"type":"binary-expr","locations":[{"start":{"line":108,"column":16},"end":{"line":108,"column":61},"skip":true},{"start":{"line":108,"column":66},"end":{"line":108,"column":72},"skip":true},{"start":{"line":108,"column":77},"end":{"line":108,"column":82},"skip":true},{"start":{"line":109,"column":20},"end":{"line":109,"column":39},"skip":true},{"start":{"line":110,"column":20},"end":{"line":110,"column":49},"skip":true},{"start":{"line":111,"column":20},"end":{"line":111,"column":58},"skip":true},{"start":{"line":112,"column":20},"end":{"line":112,"column":68},"skip":true}]},"15":{"line":129,"type":"if","locations":[{"start":{"line":129,"column":16},"end":{"line":129,"column":16},"skip":true},{"start":{"line":129,"column":16},"end":{"line":129,"column":16},"skip":true}]},"16":{"line":134,"type":"cond-expr","locations":[{"start":{"line":135,"column":26},"end":{"line":135,"column":29},"skip":true},{"start":{"line":136,"column":26},"end":{"line":136,"column":54},"skip":true}]},"17":{"line":164,"type":"binary-expr","locations":[{"start":{"line":164,"column":27},"end":{"line":164,"column":43},"skip":true},{"start":{"line":164,"column":47},"end":{"line":164,"column":49},"skip":true}]},"18":{"line":258,"type":"if","locations":[{"start":{"line":258,"column":8},"end":{"line":258,"column":8},"skip":true},{"start":{"line":258,"column":8},"end":{"line":258,"column":8},"skip":true}]},"19":{"line":275,"type":"switch","locations":[{"start":{"line":276,"column":20},"end":{"line":277,"column":64},"skip":true},{"start":{"line":278,"column":20},"end":{"line":279,"column":40},"skip":true},{"start":{"line":280,"column":20},"end":{"line":281,"column":40},"skip":true},{"start":{"line":282,"column":20},"end":{"line":283,"column":39},"skip":true}]},"20":{"line":288,"type":"if","locations":[{"start":{"line":288,"column":8},"end":{"line":288,"column":8},"skip":true},{"start":{"line":288,"column":8},"end":{"line":288,"column":8},"skip":true}]},"21":{"line":288,"type":"binary-expr","locations":[{"start":{"line":288,"column":12},"end":{"line":288,"column":40},"skip":true},{"start":{"line":288,"column":44},"end":{"line":288,"column":67},"skip":true}]},"22":{"line":292,"type":"binary-expr","locations":[{"start":{"line":292,"column":12},"end":{"line":292,"column":50},"skip":true},{"start":{"line":293,"column":12},"end":{"line":293,"column":53},"skip":true}]},"23":{"line":297,"type":"binary-expr","locations":[{"start":{"line":297,"column":12},"end":{"line":297,"column":64},"skip":true},{"start":{"line":298,"column":12},"end":{"line":301,"column":36},"skip":true}]},"24":{"line":303,"type":"binary-expr","locations":[{"start":{"line":303,"column":43},"end":{"line":303,"column":75},"skip":true},{"start":{"line":303,"column":79},"end":{"line":303,"column":81},"skip":true}]},"25":{"line":306,"type":"if","locations":[{"start":{"line":306,"column":8},"end":{"line":306,"column":8},"skip":true},{"start":{"line":306,"column":8},"end":{"line":306,"column":8},"skip":true}]},"26":{"line":310,"type":"if","locations":[{"start":{"line":310,"column":8},"end":{"line":310,"column":8},"skip":true},{"start":{"line":310,"column":8},"end":{"line":310,"column":8},"skip":true}]},"27":{"line":313,"type":"binary-expr","locations":[{"start":{"line":313,"column":27},"end":{"line":313,"column":43},"skip":true},{"start":{"line":313,"column":47},"end":{"line":313,"column":53},"skip":true}]},"28":{"line":317,"type":"if","locations":[{"start":{"line":317,"column":12},"end":{"line":317,"column":12},"skip":true},{"start":{"line":317,"column":12},"end":{"line":317,"column":12},"skip":true}]}},"code":["/*","example.js","","quickstart example","","instruction","    1. save this script as example.js","    2. run the shell command:","        $ npm install npmtest-yeoman && PORT=8081 node example.js","    3. play with the browser-demo on http://127.0.0.1:8081","*/","","","","/* istanbul instrument in package npmtest_yeoman */","/*jslint","    bitwise: true,","    browser: true,","    maxerr: 8,","    maxlen: 96,","    node: true,","    nomen: true,","    regexp: true,","    stupid: true","*/","(function () {","    'use strict';","    var local;","","","","    // run shared js-env code - pre-init","    (function () {","        // init local","        local = {};","        // init modeJs","        local.modeJs = (function () {","            try {","                return typeof navigator.userAgent === 'string' &&","                    typeof document.querySelector('body') === 'object' &&","                    typeof XMLHttpRequest.prototype.open === 'function' &&","                    'browser';","            } catch (errorCaughtBrowser) {","                return module.exports &&","                    typeof process.versions.node === 'string' &&","                    typeof require('http').createServer === 'function' &&","                    'node';","            }","        }());","        // init global","        local.global = local.modeJs === 'browser'","            ? window","            : global;","        // init utility2_rollup","        local = local.global.utility2_rollup || (local.modeJs === 'browser'","            ? local.global.utility2_npmtest_yeoman","            : global.utility2_moduleExports);","        // export local","        local.global.local = local;","    }());","    switch (local.modeJs) {","","","","    // post-init","    // run browser js-env code - post-init","    /* istanbul ignore next */","    case 'browser':","        local.testRunBrowser = function (event) {","            if (!event || (event &&","                    event.currentTarget &&","                    event.currentTarget.className &&","                    event.currentTarget.className.includes &&","                    event.currentTarget.className.includes('onreset'))) {","                // reset output","                Array.from(","                    document.querySelectorAll('body > .resettable')","                ).forEach(function (element) {","                    switch (element.tagName) {","                    case 'INPUT':","                    case 'TEXTAREA':","                        element.value = '';","                        break;","                    default:","                        element.textContent = '';","                    }","                });","            }","            switch (event && event.currentTarget && event.currentTarget.id) {","            case 'testRunButton1':","                // show tests","                if (document.querySelector('#testReportDiv1').style.display === 'none') {","                    document.querySelector('#testReportDiv1').style.display = 'block';","                    document.querySelector('#testRunButton1').textContent =","                        'hide internal test';","                    local.modeTest = true;","                    local.testRunDefault(local);","                // hide tests","                } else {","                    document.querySelector('#testReportDiv1').style.display = 'none';","                    document.querySelector('#testRunButton1').textContent = 'run internal test';","                }","                break;","            // custom-case","            default:","                break;","            }","            if (document.querySelector('#inputTextareaEval1') && (!event || (event &&","                    event.currentTarget &&","                    event.currentTarget.className &&","                    event.currentTarget.className.includes &&","                    event.currentTarget.className.includes('oneval')))) {","                // try to eval input-code","                try {","                    /*jslint evil: true*/","                    eval(document.querySelector('#inputTextareaEval1').value);","                } catch (errorCaught) {","                    console.error(errorCaught);","                }","            }","        };","        // log stderr and stdout to #outputTextareaStdout1","        ['error', 'log'].forEach(function (key) {","            console[key + '_original'] = console[key];","            console[key] = function () {","                var element;","                console[key + '_original'].apply(console, arguments);","                element = document.querySelector('#outputTextareaStdout1');","                if (!element) {","                    return;","                }","                // append text to #outputTextareaStdout1","                element.value += Array.from(arguments).map(function (arg) {","                    return typeof arg === 'string'","                        ? arg","                        : JSON.stringify(arg, null, 4);","                }).join(' ') + '\\n';","                // scroll textarea to bottom","                element.scrollTop = element.scrollHeight;","            };","        });","        // init event-handling","        ['change', 'click', 'keyup'].forEach(function (event) {","            Array.from(document.querySelectorAll('.on' + event)).forEach(function (element) {","                element.addEventListener(event, local.testRunBrowser);","            });","        });","        // run tests","        local.testRunBrowser();","        break;","","","","    // run node js-env code - post-init","    /* istanbul ignore next */","    case 'node':","        // export local","        module.exports = local;","        // require modules","        local.fs = require('fs');","        local.http = require('http');","        local.url = require('url');","        // init assets","        local.assetsDict = local.assetsDict || {};","        /* jslint-ignore-begin */","        local.assetsDict['/assets.index.template.html'] = '\\","<!doctype html>\\n\\","<html lang=\"en\">\\n\\","<head>\\n\\","<meta charset=\"UTF-8\">\\n\\","<meta name=\"viewport\" content=\"width=device-width, initial-scale=1\">\\n\\","<title>{{env.npm_package_name}} (v{{env.npm_package_version}})</title>\\n\\","<style>\\n\\","/*csslint\\n\\","    box-sizing: false,\\n\\","    universal-selector: false\\n\\","*/\\n\\","* {\\n\\","    box-sizing: border-box;\\n\\","}\\n\\","body {\\n\\","    background: #dde;\\n\\","    font-family: Arial, Helvetica, sans-serif;\\n\\","    margin: 2rem;\\n\\","}\\n\\","body > * {\\n\\","    margin-bottom: 1rem;\\n\\","}\\n\\",".utility2FooterDiv {\\n\\","    margin-top: 20px;\\n\\","    text-align: center;\\n\\","}\\n\\","</style>\\n\\","<style>\\n\\","/*csslint\\n\\","*/\\n\\","textarea {\\n\\","    font-family: monospace;\\n\\","    height: 10rem;\\n\\","    width: 100%;\\n\\","}\\n\\","textarea[readonly] {\\n\\","    background: #ddd;\\n\\","}\\n\\","</style>\\n\\","</head>\\n\\","<body>\\n\\","<!-- utility2-comment\\n\\","<div id=\"ajaxProgressDiv1\" style=\"background: #d00; height: 2px; left: 0; margin: 0; padding: 0; position: fixed; top: 0; transition: background 0.5s, width 1.5s; width: 25%;\"></div>\\n\\","utility2-comment -->\\n\\","<h1>\\n\\","<!-- utility2-comment\\n\\","    <a\\n\\","        {{#if env.npm_package_homepage}}\\n\\","        href=\"{{env.npm_package_homepage}}\"\\n\\","        {{/if env.npm_package_homepage}}\\n\\","        target=\"_blank\"\\n\\","    >\\n\\","utility2-comment -->\\n\\","        {{env.npm_package_name}} (v{{env.npm_package_version}})\\n\\","<!-- utility2-comment\\n\\","    </a>\\n\\","utility2-comment -->\\n\\","</h1>\\n\\","<h3>{{env.npm_package_description}}</h3>\\n\\","<!-- utility2-comment\\n\\","<h4><a download href=\"assets.app.js\">download standalone app</a></h4>\\n\\","<button class=\"onclick onreset\" id=\"testRunButton1\">run internal test</button><br>\\n\\","<div id=\"testReportDiv1\" style=\"display: none;\"></div>\\n\\","utility2-comment -->\\n\\","\\n\\","\\n\\","\\n\\","<label>stderr and stdout</label>\\n\\","<textarea class=\"resettable\" id=\"outputTextareaStdout1\" readonly></textarea>\\n\\","<!-- utility2-comment\\n\\","{{#if isRollup}}\\n\\","<script src=\"assets.app.js\"></script>\\n\\","{{#unless isRollup}}\\n\\","utility2-comment -->\\n\\","<script src=\"assets.utility2.rollup.js\"></script>\\n\\","<script src=\"jsonp.utility2._stateInit?callback=window.utility2._stateInit\"></script>\\n\\","<script src=\"assets.npmtest_yeoman.rollup.js\"></script>\\n\\","<script src=\"assets.example.js\"></script>\\n\\","<script src=\"assets.test.js\"></script>\\n\\","<!-- utility2-comment\\n\\","{{/if isRollup}}\\n\\","utility2-comment -->\\n\\","<div class=\"utility2FooterDiv\">\\n\\","    [ this app was created with\\n\\","    <a href=\"https://github.com/kaizhu256/node-utility2\" target=\"_blank\">utility2</a>\\n\\","    ]\\n\\","</div>\\n\\","</body>\\n\\","</html>\\n\\","';","        /* jslint-ignore-end */","        if (local.templateRender) {","            local.assetsDict['/'] = local.templateRender(","                local.assetsDict['/assets.index.template.html'],","                {","                    env: local.objectSetDefault(local.env, {","                        npm_package_description: 'the greatest app in the world!',","                        npm_package_name: 'my-app',","                        npm_package_nameAlias: 'my_app',","                        npm_package_version: '0.0.1'","                    })","                }","            );","        } else {","            local.assetsDict['/'] = local.assetsDict['/assets.index.template.html']","                .replace((/\\{\\{env\\.(\\w+?)\\}\\}/g), function (match0, match1) {","                    // jslint-hack","                    String(match0);","                    switch (match1) {","                    case 'npm_package_description':","                        return 'the greatest app in the world!';","                    case 'npm_package_name':","                        return 'my-app';","                    case 'npm_package_nameAlias':","                        return 'my_app';","                    case 'npm_package_version':","                        return '0.0.1';","                    }","                });","        }","        // run the cli","        if (local.global.utility2_rollup || module !== require.main) {","            break;","        }","        local.assetsDict['/assets.example.js'] =","            local.assetsDict['/assets.example.js'] ||","            local.fs.readFileSync(__filename, 'utf8');","        // bug-workaround - long $npm_package_buildCustomOrg","        /* jslint-ignore-begin */","        local.assetsDict['/assets.npmtest_yeoman.rollup.js'] =","            local.assetsDict['/assets.npmtest_yeoman.rollup.js'] ||","            local.fs.readFileSync(","                local.npmtest_yeoman.__dirname + '/lib.npmtest_yeoman.js',","                'utf8'","            ).replace((/^#!/), '//');","        /* jslint-ignore-end */","        local.assetsDict['/favicon.ico'] = local.assetsDict['/favicon.ico'] || '';","        // if $npm_config_timeout_exit exists,","        // then exit this process after $npm_config_timeout_exit ms","        if (Number(process.env.npm_config_timeout_exit)) {","            setTimeout(process.exit, Number(process.env.npm_config_timeout_exit));","        }","        // start server","        if (local.global.utility2_serverHttp1) {","            break;","        }","        process.env.PORT = process.env.PORT || '8081';","        console.error('server starting on port ' + process.env.PORT);","        local.http.createServer(function (request, response) {","            request.urlParsed = local.url.parse(request.url);","            if (local.assetsDict[request.urlParsed.pathname] !== undefined) {","                response.end(local.assetsDict[request.urlParsed.pathname]);","                return;","            }","            response.statusCode = 404;","            response.end();","        }).listen(process.env.PORT);","        break;","    }","}());",""],"l":{"26":2,"28":2,"33":2,"35":2,"37":2,"38":2,"39":2,"44":1,"51":2,"55":2,"59":2,"61":2,"69":1,"70":2,"76":2,"79":2,"82":2,"83":2,"85":1,"89":2,"92":1,"93":1,"94":1,"96":1,"97":1,"100":1,"101":1,"103":1,"106":1,"108":2,"114":1,"116":1,"118":1,"123":1,"124":2,"125":2,"126":3,"127":3,"128":3,"129":3,"130":1,"133":3,"134":3,"139":3,"143":1,"144":3,"145":1,"149":1,"150":1,"158":1,"160":1,"161":1,"162":1,"164":1,"166":1,"258":1,"259":1,"271":1,"274":6,"275":6,"277":1,"279":2,"281":1,"283":2,"288":1,"289":1,"291":1,"296":1,"303":1,"306":1,"307":1,"310":1,"311":1,"313":1,"314":1,"315":1,"316":1,"317":1,"318":1,"319":1,"321":1,"322":1,"324":1}},"/home/travis/build/npmtest/node-npmtest-yeoman/node_modules/yeoman/yeoman.js":{"path":"/home/travis/build/npmtest/node-npmtest-yeoman/node_modules/yeoman/yeoman.js","s":{"1":4,"2":4,"3":4},"b":{},"f":{},"fnMap":{},"statementMap":{"1":{"start":{"line":3,"column":0},"end":{"line":3,"column":28}},"2":{"start":{"line":12,"column":0},"end":{"line":12,"column":38}},"3":{"start":{"line":15,"column":0},"end":{"line":15,"column":49}}},"branchMap":{},"code":["","","var yeoman = module.exports;","","//","// custom package utilities, works in tandem with `grunt.util`.","//","// Utils is there to package and provide a","//","// Will be merged into grunt.util for further usage in tasks and helpers","//","yeoman.utils = require('./lib/utils');","","// Yeoman generators","yeoman.generators = require('yeoman-generators');",""],"l":{"3":4,"12":4,"15":4}},"/home/travis/build/npmtest/node-npmtest-yeoman/node_modules/yeoman/lib/utils/index.js":{"path":"/home/travis/build/npmtest/node-npmtest-yeoman/node_modules/yeoman/lib/utils/index.js","s":{"1":1,"2":1,"3":1,"4":3,"5":0,"6":1,"7":0,"8":0,"9":0,"10":0,"11":1,"12":0,"13":0},"b":{},"f":{"1":3,"2":0,"3":0,"4":0,"5":0,"6":0},"fnMap":{"1":{"name":"(anonymous_1)","line":22,"loc":{"start":{"line":22,"column":11},"end":{"line":22,"column":39}}},"2":{"name":"(anonymous_2)","line":28,"loc":{"start":{"line":28,"column":13},"end":{"line":28,"column":24}}},"3":{"name":"extend","line":42,"loc":{"start":{"line":42,"column":15},"end":{"line":42,"column":34}}},"4":{"name":"(anonymous_4)","line":43,"loc":{"start":{"line":43,"column":29},"end":{"line":43,"column":44}}},"5":{"name":"(anonymous_5)","line":45,"loc":{"start":{"line":45,"column":11},"end":{"line":45,"column":22}}},"6":{"name":"join","line":57,"loc":{"start":{"line":57,"column":13},"end":{"line":57,"column":29}}}},"statementMap":{"1":{"start":{"line":2,"column":0},"end":{"line":2,"column":27}},"2":{"start":{"line":4,"column":0},"end":{"line":4,"column":27}},"3":{"start":{"line":13,"column":0},"end":{"line":36,"column":2}},"4":{"start":{"line":23,"column":4},"end":{"line":33,"column":6}},"5":{"start":{"line":28,"column":26},"end":{"line":28,"column":46}},"6":{"start":{"line":42,"column":0},"end":{"line":51,"column":2}},"7":{"start":{"line":43,"column":2},"end":{"line":49,"column":5}},"8":{"start":{"line":44,"column":4},"end":{"line":48,"column":7}},"9":{"start":{"line":46,"column":8},"end":{"line":46,"column":27}},"10":{"start":{"line":50,"column":2},"end":{"line":50,"column":11}},"11":{"start":{"line":57,"column":0},"end":{"line":60,"column":2}},"12":{"start":{"line":58,"column":2},"end":{"line":58,"column":51}},"13":{"start":{"line":59,"column":2},"end":{"line":59,"column":57}}},"branchMap":{},"code":["","var path = require('path');","","var utils = module.exports;","","//","// flatiron/utile inspired.","//","// Set of common utilities, mainly defining wrapper to various utility modules","// (like mkdir, rimraf) as lazy-loaded getters.","","","Object.defineProperties( utils,","  [","    // Wrapper to `require('mkdirp')`","    'mkdirp',","    // Wrapper to `require('rimraf')`","    'rimraf',","    // Wrapper to `require('./fetch')`, internal tarball helper using","    // mikeal/request, zlib and isaacs/tar.","    './fetch'","  ].reduce(function( descriptor, api ) {","    return (","      // Add the Identifier and define a get accessor that returns","      // a fresh or cached copy of the API; remove any","      // non-alphanumeric characters (in the case of \"./fetch\")","      descriptor[ api.replace(/\\W/g, '') ] = {","        get: function() { return require(api); }","      },","      // Return the |descriptor| object at the end of the expression,","      // continuing the the reduction.","      descriptor","    );","    // Prime the \"initialVal\" with an empty object","  }, {})",");","","","// **extend** a given object with the util module definition, taking care","// of not triggering the getters. Doing so with _.extend makes the module","// to be required right away.","utils.extend = function extend(o) {","  Object.keys(utils).forEach(function(prop) {","    Object.defineProperty(o, prop, {","      get: function() {","        return utils[prop];","      }","    });","  });","  return o;","};","","//","// **join** basic wrapper to `path.join`, dealing with `//` and converting back","// **`\\` windows like path to unix like one.","//","utils.join = function join() {","  var args = Array.prototype.slice.call(arguments);","  return path.join.apply(path, args).replace(/\\\\/g, '/');","};",""],"l":{"2":1,"4":1,"13":1,"23":3,"28":0,"42":1,"43":0,"44":0,"46":0,"50":0,"57":1,"58":0,"59":0}},"/home/travis/build/npmtest/node-npmtest-yeoman/node_modules/yeoman/bin/yeoman":{"path":"/home/travis/build/npmtest/node-npmtest-yeoman/node_modules/yeoman/bin/yeoman","s":{"1":2,"2":1,"3":0,"4":1,"5":0,"6":0,"7":0,"8":0,"9":0,"10":0,"11":0,"12":0,"13":0,"14":0,"15":0,"16":0,"17":0,"18":0,"19":0,"20":0,"21":0,"22":0,"23":0,"24":0,"25":0,"26":0,"27":0,"28":0,"29":0,"30":0,"31":0,"32":0,"33":0,"34":0,"35":0,"36":0,"37":0,"38":0,"39":0},"b":{"1":[0,0],"2":[0,0],"3":[0,0],"4":[0,0],"5":[0,0],"6":[0,0],"7":[0,0],"8":[0,0],"9":[0,0],"10":[0,0],"11":[0,0],"12":[0,0],"13":[0,0]},"f":{"1":0,"2":0,"3":0,"4":0,"5":0,"6":0},"fnMap":{"1":{"name":"getUserHome","line":19,"loc":{"start":{"line":19,"column":0},"end":{"line":19,"column":23}}},"2":{"name":"init","line":23,"loc":{"start":{"line":23,"column":0},"end":{"line":23,"column":16}}},"3":{"name":"(anonymous_3)","line":35,"loc":{"start":{"line":35,"column":9},"end":{"line":35,"column":20}}},"4":{"name":"(anonymous_4)","line":62,"loc":{"start":{"line":62,"column":23},"end":{"line":62,"column":34}}},"5":{"name":"(anonymous_5)","line":112,"loc":{"start":{"line":112,"column":16},"end":{"line":112,"column":29}}},"6":{"name":"(anonymous_6)","line":129,"loc":{"start":{"line":129,"column":5},"end":{"line":129,"column":18}}}},"statementMap":{"1":{"start":{"line":2,"column":0},"end":{"line":15,"column":81}},"2":{"start":{"line":19,"column":0},"end":{"line":21,"column":1}},"3":{"start":{"line":20,"column":2},"end":{"line":20,"column":77}},"4":{"start":{"line":23,"column":0},"end":{"line":148,"column":1}},"5":{"start":{"line":25,"column":2},"end":{"line":25,"column":41}},"6":{"start":{"line":31,"column":2},"end":{"line":31,"column":44}},"7":{"start":{"line":34,"column":2},"end":{"line":38,"column":5}},"8":{"start":{"line":36,"column":6},"end":{"line":36,"column":24}},"9":{"start":{"line":41,"column":2},"end":{"line":43,"column":36}},"10":{"start":{"line":47,"column":2},"end":{"line":49,"column":3}},"11":{"start":{"line":48,"column":4},"end":{"line":48,"column":32}},"12":{"start":{"line":52,"column":2},"end":{"line":69,"column":3}},"13":{"start":{"line":53,"column":4},"end":{"line":67,"column":5}},"14":{"start":{"line":55,"column":6},"end":{"line":64,"column":7}},"15":{"start":{"line":57,"column":8},"end":{"line":63,"column":11}},"16":{"start":{"line":66,"column":6},"end":{"line":66,"column":39}},"17":{"start":{"line":68,"column":4},"end":{"line":68,"column":31}},"18":{"start":{"line":72,"column":2},"end":{"line":75,"column":3}},"19":{"start":{"line":73,"column":4},"end":{"line":73,"column":26}},"20":{"start":{"line":74,"column":4},"end":{"line":74,"column":27}},"21":{"start":{"line":78,"column":2},"end":{"line":80,"column":3}},"22":{"start":{"line":79,"column":4},"end":{"line":79,"column":38}},"23":{"start":{"line":84,"column":2},"end":{"line":89,"column":3}},"24":{"start":{"line":88,"column":4},"end":{"line":88,"column":37}},"25":{"start":{"line":92,"column":2},"end":{"line":96,"column":3}},"26":{"start":{"line":93,"column":4},"end":{"line":95,"column":77}},"27":{"start":{"line":106,"column":2},"end":{"line":108,"column":3}},"28":{"start":{"line":107,"column":4},"end":{"line":107,"column":47}},"29":{"start":{"line":112,"column":2},"end":{"line":147,"column":6}},"30":{"start":{"line":117,"column":4},"end":{"line":119,"column":5}},"31":{"start":{"line":118,"column":6},"end":{"line":118,"column":18}},"32":{"start":{"line":121,"column":4},"end":{"line":127,"column":7}},"33":{"start":{"line":132,"column":4},"end":{"line":140,"column":5}},"34":{"start":{"line":134,"column":6},"end":{"line":134,"column":50}},"35":{"start":{"line":138,"column":6},"end":{"line":138,"column":11}},"36":{"start":{"line":139,"column":6},"end":{"line":139,"column":39}},"37":{"start":{"line":143,"column":4},"end":{"line":143,"column":16}},"38":{"start":{"line":145,"column":4},"end":{"line":145,"column":9}},"39":{"start":{"line":150,"column":0},"end":{"line":150,"column":7}}},"branchMap":{"1":{"line":20,"type":"cond-expr","locations":[{"start":{"line":20,"column":53},"end":{"line":20,"column":66}},{"start":{"line":20,"column":69},"end":{"line":20,"column":75}}]},"2":{"line":47,"type":"if","locations":[{"start":{"line":47,"column":2},"end":{"line":47,"column":2}},{"start":{"line":47,"column":2},"end":{"line":47,"column":2}}]},"3":{"line":52,"type":"if","locations":[{"start":{"line":52,"column":2},"end":{"line":52,"column":2}},{"start":{"line":52,"column":2},"end":{"line":52,"column":2}}]},"4":{"line":53,"type":"if","locations":[{"start":{"line":53,"column":4},"end":{"line":53,"column":4}},{"start":{"line":53,"column":4},"end":{"line":53,"column":4}}]},"5":{"line":55,"type":"if","locations":[{"start":{"line":55,"column":6},"end":{"line":55,"column":6}},{"start":{"line":55,"column":6},"end":{"line":55,"column":6}}]},"6":{"line":72,"type":"if","locations":[{"start":{"line":72,"column":2},"end":{"line":72,"column":2}},{"start":{"line":72,"column":2},"end":{"line":72,"column":2}}]},"7":{"line":78,"type":"if","locations":[{"start":{"line":78,"column":2},"end":{"line":78,"column":2}},{"start":{"line":78,"column":2},"end":{"line":78,"column":2}}]},"8":{"line":84,"type":"if","locations":[{"start":{"line":84,"column":2},"end":{"line":84,"column":2}},{"start":{"line":84,"column":2},"end":{"line":84,"column":2}}]},"9":{"line":92,"type":"if","locations":[{"start":{"line":92,"column":2},"end":{"line":92,"column":2}},{"start":{"line":92,"column":2},"end":{"line":92,"column":2}}]},"10":{"line":106,"type":"if","locations":[{"start":{"line":106,"column":2},"end":{"line":106,"column":2}},{"start":{"line":106,"column":2},"end":{"line":106,"column":2}}]},"11":{"line":117,"type":"if","locations":[{"start":{"line":117,"column":4},"end":{"line":117,"column":4}},{"start":{"line":117,"column":4},"end":{"line":117,"column":4}}]},"12":{"line":117,"type":"binary-expr","locations":[{"start":{"line":117,"column":7},"end":{"line":117,"column":30}},{"start":{"line":117,"column":34},"end":{"line":117,"column":54}}]},"13":{"line":132,"type":"if","locations":[{"start":{"line":132,"column":4},"end":{"line":132,"column":4}},{"start":{"line":132,"column":4},"end":{"line":132,"column":4}}]}},"code":["//#!/usr/bin/env node","var fs = require('fs'),","  exec = require('child_process').exec,","  join = require('path').join,","  grunt = require('grunt'),","  colors = require('colors'),","  path = require('path'),","  prompt = require('prompt'),","  insight = require('../lib/plugins/insight.js'),","  updater = require('../lib/plugins/updater.js'),","  yeoman = require('../'),","  pkg = require('../package.json'),","  _ = grunt.util._,","  async = grunt.util.async,","  compiled = _.template( fs.readFileSync( join(__dirname, 'help.txt'), 'utf8' ));","","","// Returns the user's home directory in a platform agnostic way.","function getUserHome() {","  return process.env[(process.platform == 'win32') ? 'USERPROFILE' : 'HOME'];","}","","function init() {","  // grunt with the plugin registered","  grunt.npmTasks(join(__dirname, '../'));","","  // Get back a reference to the internal grunt cli object so that we can read","  // command line parsed options from grunt, to run our internal additional","  // logic.","","  var cli =  require('grunt/lib/grunt/cli');","","  // avoid the deprecation notice: goo.gl/mk2De","  Object.defineProperty(grunt, 'utils', {","    get: function() {","      return grunt.util;","    }","  });","","  // command line options and remaining args","  var opts = cli.options,","    cmds = cli.tasks,","    route = cmds.join(' ').trim('');","","  // Flag to disable Insight. Intended for devs to use while testing the cli","  // so inflated stats are no recorded.","  if (/--disable-insight/.test(process.argv)) {","    process.env.no_stats = true;","  }","","  // custom help, on `h5bp help`","  if(/^help/.test(route)) {","    if(/^help$/.test(route)) {","","      if (!process.env.no_stats) {","        // Tell Insight \"help\" was run.","        insight.init({","          pkgname    : pkg.name,","          pkgversion : pkg.version,","          getUserHome: getUserHome,","          cmds       : cmds,","          cb         : function() {}","        });","      }","","      return console.log( compiled() );","    }","    cli.tasks = cmds.join(':');","  }","","  // specific flag to ensure we bypass insight prompt when running the test task","  if(/^test/.test(route)) {","    var env = process.env;","    env.yeoman_test = true;","  }","","  // add the plugin version on `--version`","  if(opts.version) {","    return console.log( pkg.version );","  }","","  // Matches everything after init to prevent","  // the user from seeing the default grunt init tasks","  if(/^init/.test(route)) {","    // required handling of options / arguments to workaround some internal check","    // of Grunt, and let the generators go through (init and invoked in our front","    // Grunt template)","    yeoman.generators.prepare(grunt);","  }","","  // Advice users to run `server` instead of `watch`","  if ( /^watch/.test( route ) ) {","    console.log(('\\nFYI: Yeoman`s watch task is integrated within ' +","      'yeoman server'.bold + ' to combine the dev server, re-compilation and ' +","      'live reloading of changed assets.\\n\\nContinuing anyway...\\n').yellow);","  }","","  // a bower command","  // Examples:","  // yeoman install jquery","  // yeoman install spine","  // yeoman install backbone (which does jquery etc too.)","  // yeoman update spine","  // yeoman lookup jquery","  // yeoman search jquery","  if(/^install|^uninstall|^search|^list|^ls|^lookup|^update/.test(route)) {","    cli.tasks = 'bower' + ':' + cmds.join(':');","  }","","","  /* Yeoman Insight =========================================================== */","  async.series([function(cb) {","","    // Are we dealing with yeoman in a test environment? If so, skip the","    // insight prompt. This is specifically put into the environment by","    // our test spawn helper.","    if(process.env.yeoman_test || process.env.no_stats) {","      return cb();","    }","","    insight.init({","      pkgname    : pkg.name,","      pkgversion : pkg.version,","      getUserHome: getUserHome,","      cmds       : cmds,","      cb         : cb","    });","","  }, function(cb) {","","    // if the route is empty","    if(/^$/.test(route)) {","      // this is specific to an empty route code","      console.log(pkg.name + ' v%s', pkg.version);","","      // we return early to prevent grunt from actually running","      // and instead just output help.txt","      cb();","      return console.log( compiled() );","    }","","    // the grunt cli","    grunt.cli();","","    cb();","","  }]);","}","","init();",""],"l":{"2":2,"19":1,"20":0,"23":1,"25":0,"31":0,"34":0,"36":0,"41":0,"47":0,"48":0,"52":0,"53":0,"55":0,"57":0,"66":0,"68":0,"72":0,"73":0,"74":0,"78":0,"79":0,"84":0,"88":0,"92":0,"93":0,"106":0,"107":0,"112":0,"117":0,"118":0,"121":0,"132":0,"134":0,"138":0,"139":0,"143":0,"145":0,"150":0}},"/home/travis/build/npmtest/node-npmtest-yeoman/node_modules/yeoman/Gruntfile.js":{"path":"/home/travis/build/npmtest/node-npmtest-yeoman/node_modules/yeoman/Gruntfile.js","s":{"1":1,"2":1,"3":1,"4":0,"5":0,"6":0,"7":0,"8":0,"9":0,"10":0,"11":0,"12":0,"13":0,"14":0,"15":0},"b":{"1":[0,0],"2":[0,0]},"f":{"1":0,"2":0,"3":0},"fnMap":{"1":{"name":"(anonymous_1)","line":4,"loc":{"start":{"line":4,"column":17},"end":{"line":4,"column":35}}},"2":{"name":"(anonymous_2)","line":37,"loc":{"start":{"line":37,"column":75},"end":{"line":37,"column":94}}},"3":{"name":"(anonymous_3)","line":47,"loc":{"start":{"line":47,"column":71},"end":{"line":47,"column":88}}}},"statementMap":{"1":{"start":{"line":1,"column":0},"end":{"line":1,"column":27}},"2":{"start":{"line":2,"column":0},"end":{"line":2,"column":27}},"3":{"start":{"line":4,"column":0},"end":{"line":56,"column":2}},"4":{"start":{"line":7,"column":2},"end":{"line":31,"column":5}},"5":{"start":{"line":34,"column":2},"end":{"line":34,"column":42}},"6":{"start":{"line":37,"column":2},"end":{"line":45,"column":5}},"7":{"start":{"line":38,"column":4},"end":{"line":38,"column":91}},"8":{"start":{"line":40,"column":4},"end":{"line":42,"column":5}},"9":{"start":{"line":41,"column":6},"end":{"line":41,"column":32}},"10":{"start":{"line":44,"column":4},"end":{"line":44,"column":86}},"11":{"start":{"line":47,"column":2},"end":{"line":55,"column":5}},"12":{"start":{"line":48,"column":4},"end":{"line":48,"column":89}},"13":{"start":{"line":50,"column":4},"end":{"line":52,"column":5}},"14":{"start":{"line":51,"column":6},"end":{"line":51,"column":32}},"15":{"start":{"line":54,"column":4},"end":{"line":54,"column":96}}},"branchMap":{"1":{"line":40,"type":"if","locations":[{"start":{"line":40,"column":4},"end":{"line":40,"column":4}},{"start":{"line":40,"column":4},"end":{"line":40,"column":4}}]},"2":{"line":50,"type":"if","locations":[{"start":{"line":50,"column":4},"end":{"line":50,"column":4}},{"start":{"line":50,"column":4},"end":{"line":50,"column":4}}]}},"code":["var util = require('util');","var path = require('path');","","module.exports = function( grunt ) {","  'use strict';","","  grunt.initConfig({","    lint: {","      options: {","        options: '<json:.jshintrc>',","        global: {","          process: true","        }","      },","      grunt: [","        'Gruntfile.js',","        //'tasks/*.js',","      ],","      lib: [","        //'lib/{plugins,utils}/*.js',","        //'lib/generators/*.js'","      ],","      test: [","        //'test/**/*.js'","      ]","    },","    watch: {","      files: '<config:lint>',","      tasks: 'lint'","    }","  });","","  // Disable lint for now until we upgrade to latest grunt with latest jshint","  grunt.registerTask( 'default', 'lint' );","","  // Debugging helpers","  grunt.registerTask( 'list-helpers', 'List all grunt registered helpers', function( helper ) {","    var ls = grunt.log.wordlist( Object.keys( grunt.task._helpers ), grunt.util.linefeed );","","    if ( !helper ) {","      return grunt.log.ok( ls );","    }","","    grunt.log.subhead( helper + ' source:' ).writeln( grunt.task._helpers[ helper ] );","  });","","  grunt.registerTask( 'list-tasks', 'List all grunt registered tasks', function( task ) {","    var ls = grunt.log.wordlist( Object.keys( grunt.task._tasks ), grunt.util.linefeed );","","    if ( !task ) {","      return grunt.log.ok( ls );","    }","","    grunt.log.subhead( task + ' source:' ).writeln( util.inspect( grunt.task._tasks[ task ] ) );","  });","};",""],"l":{"1":1,"2":1,"4":1,"7":0,"34":0,"37":0,"38":0,"40":0,"41":0,"44":0,"47":0,"48":0,"50":0,"51":0,"54":0}},"/home/travis/build/npmtest/node-npmtest-yeoman/node_modules/yeoman/tasks/bower.js":{"path":"/home/travis/build/npmtest/node-npmtest-yeoman/node_modules/yeoman/tasks/bower.js","s":{"1":2,"2":2,"3":2,"4":0,"5":0,"6":0,"7":0,"8":0,"9":0,"10":0,"11":0,"12":0,"13":0,"14":0,"15":0,"16":0,"17":0,"18":0,"19":0,"20":0,"21":0,"22":0,"23":0,"24":0,"25":0,"26":0,"27":0,"28":0,"29":0,"30":0,"31":0,"32":0,"33":0,"34":0,"35":0,"36":0,"37":0,"38":0,"39":0,"40":0,"41":0,"42":0,"43":0,"44":0,"45":0,"46":0,"47":0,"48":0,"49":0,"50":0,"51":0,"52":0,"53":0,"54":0,"55":0,"56":0,"57":0},"b":{"1":[0,0],"2":[0,0],"3":[0,0],"4":[0,0],"5":[0,0],"6":[0,0],"7":[0,0],"8":[0,0],"9":[0,0],"10":[0,0]},"f":{"1":0,"2":0,"3":0,"4":0,"5":0,"6":0,"7":0,"8":0,"9":0},"fnMap":{"1":{"name":"(anonymous_1)","line":9,"loc":{"start":{"line":9,"column":17},"end":{"line":9,"column":33}}},"2":{"name":"(anonymous_2)","line":27,"loc":{"start":{"line":27,"column":69},"end":{"line":27,"column":80}}},"3":{"name":"(anonymous_3)","line":43,"loc":{"start":{"line":43,"column":17},"end":{"line":43,"column":27}}},"4":{"name":"(anonymous_4)","line":72,"loc":{"start":{"line":72,"column":37},"end":{"line":72,"column":55}}},"5":{"name":"(anonymous_5)","line":103,"loc":{"start":{"line":103,"column":18},"end":{"line":103,"column":33}}},"6":{"name":"(anonymous_6)","line":124,"loc":{"start":{"line":124,"column":36},"end":{"line":124,"column":49}}},"7":{"name":"(anonymous_7)","line":147,"loc":{"start":{"line":147,"column":37},"end":{"line":147,"column":55}}},"8":{"name":"(anonymous_8)","line":171,"loc":{"start":{"line":171,"column":41},"end":{"line":171,"column":65}}},"9":{"name":"(anonymous_9)","line":179,"loc":{"start":{"line":179,"column":36},"end":{"line":179,"column":58}}}},"statementMap":{"1":{"start":{"line":2,"column":0},"end":{"line":2,"column":31}},"2":{"start":{"line":3,"column":0},"end":{"line":3,"column":29}},"3":{"start":{"line":4,"column":0},"end":{"line":4,"column":32}},"4":{"start":{"line":5,"column":0},"end":{"line":5,"column":50}},"5":{"start":{"line":6,"column":0},"end":{"line":6,"column":34}},"6":{"start":{"line":9,"column":0},"end":{"line":185,"column":2}},"7":{"start":{"line":27,"column":2},"end":{"line":55,"column":5}},"8":{"start":{"line":29,"column":4},"end":{"line":29,"column":25}},"9":{"start":{"line":30,"column":4},"end":{"line":30,"column":42}},"10":{"start":{"line":31,"column":4},"end":{"line":33,"column":5}},"11":{"start":{"line":32,"column":6},"end":{"line":32,"column":71}},"12":{"start":{"line":36,"column":4},"end":{"line":36,"column":46}},"13":{"start":{"line":39,"column":4},"end":{"line":39,"column":26}},"14":{"start":{"line":40,"column":4},"end":{"line":54,"column":9}},"15":{"start":{"line":45,"column":8},"end":{"line":45,"column":50}},"16":{"start":{"line":72,"column":2},"end":{"line":142,"column":5}},"17":{"start":{"line":73,"column":4},"end":{"line":75,"column":5}},"18":{"start":{"line":74,"column":6},"end":{"line":74,"column":67}},"19":{"start":{"line":77,"column":4},"end":{"line":79,"column":5}},"20":{"start":{"line":78,"column":6},"end":{"line":78,"column":73}},"21":{"start":{"line":82,"column":4},"end":{"line":82,"column":21}},"22":{"start":{"line":83,"column":4},"end":{"line":83,"column":25}},"23":{"start":{"line":84,"column":4},"end":{"line":84,"column":74}},"24":{"start":{"line":85,"column":4},"end":{"line":85,"column":60}},"25":{"start":{"line":88,"column":4},"end":{"line":88,"column":48}},"26":{"start":{"line":92,"column":4},"end":{"line":94,"column":5}},"27":{"start":{"line":93,"column":6},"end":{"line":93,"column":49}},"28":{"start":{"line":97,"column":4},"end":{"line":97,"column":50}},"29":{"start":{"line":101,"column":4},"end":{"line":141,"column":9}},"30":{"start":{"line":105,"column":8},"end":{"line":105,"column":48}},"31":{"start":{"line":105,"column":39},"end":{"line":105,"column":46}},"32":{"start":{"line":111,"column":8},"end":{"line":111,"column":58}},"33":{"start":{"line":114,"column":8},"end":{"line":116,"column":9}},"34":{"start":{"line":115,"column":10},"end":{"line":115,"column":37}},"35":{"start":{"line":119,"column":8},"end":{"line":119,"column":64}},"36":{"start":{"line":120,"column":8},"end":{"line":137,"column":9}},"37":{"start":{"line":121,"column":10},"end":{"line":121,"column":87}},"38":{"start":{"line":124,"column":10},"end":{"line":128,"column":13}},"39":{"start":{"line":126,"column":12},"end":{"line":126,"column":68}},"40":{"start":{"line":127,"column":12},"end":{"line":127,"column":88}},"41":{"start":{"line":131,"column":10},"end":{"line":131,"column":62}},"42":{"start":{"line":133,"column":10},"end":{"line":133,"column":69}},"43":{"start":{"line":136,"column":10},"end":{"line":136,"column":60}},"44":{"start":{"line":140,"column":8},"end":{"line":140,"column":44}},"45":{"start":{"line":147,"column":2},"end":{"line":163,"column":5}},"46":{"start":{"line":150,"column":4},"end":{"line":152,"column":5}},"47":{"start":{"line":151,"column":6},"end":{"line":151,"column":67}},"48":{"start":{"line":154,"column":4},"end":{"line":156,"column":5}},"49":{"start":{"line":155,"column":6},"end":{"line":155,"column":73}},"50":{"start":{"line":158,"column":4},"end":{"line":158,"column":27}},"51":{"start":{"line":159,"column":4},"end":{"line":159,"column":29}},"52":{"start":{"line":160,"column":4},"end":{"line":160,"column":42}},"53":{"start":{"line":162,"column":4},"end":{"line":162,"column":9}},"54":{"start":{"line":171,"column":2},"end":{"line":173,"column":5}},"55":{"start":{"line":172,"column":4},"end":{"line":172,"column":41}},"56":{"start":{"line":179,"column":2},"end":{"line":184,"column":5}},"57":{"start":{"line":180,"column":4},"end":{"line":183,"column":8}}},"branchMap":{"1":{"line":31,"type":"if","locations":[{"start":{"line":31,"column":4},"end":{"line":31,"column":4}},{"start":{"line":31,"column":4},"end":{"line":31,"column":4}}]},"2":{"line":73,"type":"if","locations":[{"start":{"line":73,"column":4},"end":{"line":73,"column":4}},{"start":{"line":73,"column":4},"end":{"line":73,"column":4}}]},"3":{"line":77,"type":"if","locations":[{"start":{"line":77,"column":4},"end":{"line":77,"column":4}},{"start":{"line":77,"column":4},"end":{"line":77,"column":4}}]},"4":{"line":92,"type":"if","locations":[{"start":{"line":92,"column":4},"end":{"line":92,"column":4}},{"start":{"line":92,"column":4},"end":{"line":92,"column":4}}]},"5":{"line":105,"type":"if","locations":[{"start":{"line":105,"column":8},"end":{"line":105,"column":8}},{"start":{"line":105,"column":8},"end":{"line":105,"column":8}}]},"6":{"line":114,"type":"if","locations":[{"start":{"line":114,"column":8},"end":{"line":114,"column":8}},{"start":{"line":114,"column":8},"end":{"line":114,"column":8}}]},"7":{"line":120,"type":"if","locations":[{"start":{"line":120,"column":8},"end":{"line":120,"column":8}},{"start":{"line":120,"column":8},"end":{"line":120,"column":8}}]},"8":{"line":126,"type":"cond-expr","locations":[{"start":{"line":126,"column":44},"end":{"line":126,"column":61}},{"start":{"line":126,"column":64},"end":{"line":126,"column":67}}]},"9":{"line":150,"type":"if","locations":[{"start":{"line":150,"column":4},"end":{"line":150,"column":4}},{"start":{"line":150,"column":4},"end":{"line":150,"column":4}}]},"10":{"line":154,"type":"if","locations":[{"start":{"line":154,"column":4},"end":{"line":154,"column":4}},{"start":{"line":154,"column":4},"end":{"line":154,"column":4}}]}},"code":["","var path     = require('path');","var fs       = require('fs');","var bower    = require('bower');","var template = require('bower/lib/util/template');","var shelljs  = require('shelljs');","","","module.exports = function(grunt) {","","  // Task facade to Twitter Bower.","  //","  // This task basically just pases our current provess.argv to bower. Special tasks","  // like install, list, search etc. are all configured to trigger this one.","  //","  // A yeoman-specific configuration can be defined in your Gruntfile:","  //","  // - dir: Alternate directory location. (defaults to: components)","  //","  // If the dir option is specified, bower is asked for the package dependency","  // model and each paths. Each package is then simply copied over the value of","  // the dir options.","  //","  // `components/` next to your Gruntfile is bower's internal directory.","  // `app/js/vendor` is your working directory, files used in development and","  // concat / min by grunt script.","  grunt.registerTask('bower', 'This triggers the `bower` commands.', function() {","    // pull in the bower command module","    var args = this.args;","    var command = bower.commands[args[0]];","    if(!command) {","      return grunt.fatal('A valid bower command should be specified.');","    }","","    // figure out the alternate install location, if any","    var directory = grunt.config('bower.dir');","","    // run","    var cb = this.async();","    command.line(process.argv)","      .on('error', grunt.fatal.bind(grunt.fail))","      .on('data', grunt.log.writeln.bind(grunt.log))","      .on('end', function(){","","        grunt.helper('bower:sync', directory, cb);","        /*","        if(args[0] === 'install' && directory) {","          grunt.helper('bower:sync', directory, cb);","        } else if(args[0] === 'uninstall' || args[0] === 'update' && directory) {","          grunt.helper('bower:sync', directory, cb);","        } else {","          cb();","        }*/","      });","  });","","","  // This helper returns a function meant to be used as a direct callback, most","  // likely on the end event of a bower command.","  //","  // Bower's list is used to get the paths of each dependency in","  // components/, these deps are simply copied over the directory","  // specified.","  //","  // - dir: directory path to mirror bower's components.","  // - cb: callback to call on completion.","  //","  // Examples:","  //","  //      stuff.on('end', grunt.helper('bower:copy', this.async()));","  //","  grunt.registerHelper('bower:copy', function(dir, cb) {","    if(typeof cb !== 'function') {","      return grunt.fatal('bower:copy helper requires a callback.');","    }","","    if(!dir) {","      return grunt.fatal('bower:copy helper requires a directory path.');","    }","","    // Resolve application index","    var scripts = '';","    var basePath = 'app';","    var appIndexPath  = path.resolve(path.join(basePath + '/index.html'));","    var indexBuffer = fs.readFileSync(appIndexPath, 'utf8');","","    // parse data-main for require config path","    var datamain = /data-main=['\"]([^'\"]+)['\"]/;","","    // Syncronize the components directory with the vendor directory","    // if we're not having an rjs setup, go through synchronize step directly","    if(!datamain.test(indexBuffer)){","      return
[...]
e.log(\"LiveReload will reload all stylesheets because path '\" + path + \"' did not match any specific one\");","        for (_l = 0, _len3 = links.length; _l < _len3; _l++) {","          link = links[_l];","          this.reattachStylesheetLink(link);","        }","      }","      return true;","    };","","    Reloader.prototype.collectImportedStylesheets = function(link, styleSheet, result) {","      var index, rule, rules, _i, _len;","      try {","        rules = styleSheet != null ? styleSheet.cssRules : void 0;","      } catch (e) {","","      }","      if (rules && rules.length) {","        for (index = _i = 0, _len = rules.length; _i < _len; index = ++_i) {","          rule = rules[index];","          switch (rule.type) {","            case CSSRule.CHARSET_RULE:","              continue;","            case CSSRule.IMPORT_RULE:","              result.push({","                link: link,","                rule: rule,","                index: index,","                href: rule.href","              });","              this.collectImportedStylesheets(link, rule.styleSheet, result);","              break;","            default:","              break;","          }","        }","      }","    };","","    Reloader.prototype.waitUntilCssLoads = function(clone, func) {","      var callbackExecuted, executeCallback, poll,","        _this = this;","      callbackExecuted = false;","      executeCallback = function() {","        if (callbackExecuted) {","          return;","        }","        callbackExecuted = true;","        return func();","      };","      clone.onload = function() {","        console.log(\"onload!\");","        _this.knownToSupportCssOnLoad = true;","        return executeCallback();","      };","      if (!this.knownToSupportCssOnLoad) {","        (poll = function() {","          if (clone.sheet) {","            console.log(\"polling!\");","            return executeCallback();","          } else {","            return _this.Timer.start(50, poll);","          }","        })();","      }","      return this.Timer.start(this.options.stylesheetReloadTimeout, executeCallback);","    };","","    Reloader.prototype.linkHref = function(link) {","      return link.href || link.getAttribute('data-href');","    };","","    Reloader.prototype.reattachStylesheetLink = function(link) {","      var clone, parent,","        _this = this;","      if (link.__LiveReload_pendingRemoval) {","        return;","      }","      link.__LiveReload_pendingRemoval = true;","      if (link.tagName === 'STYLE') {","        clone = this.document.createElement('link');","        clone.rel = 'stylesheet';","        clone.media = link.media;","        clone.disabled = link.disabled;","      } else {","        clone = link.cloneNode(false);","      }","      clone.href = this.generateCacheBustUrl(this.linkHref(link));","      parent = link.parentNode;","      if (parent.lastChild === link) {","        parent.appendChild(clone);","      } else {","        parent.insertBefore(clone, link.nextSibling);","      }","      return this.waitUntilCssLoads(clone, function() {","        var additionalWaitingTime;","        if (/AppleWebKit/.test(navigator.userAgent)) {","          additionalWaitingTime = 5;","        } else {","          additionalWaitingTime = 200;","        }","        return _this.Timer.start(additionalWaitingTime, function() {","          var _ref;","          if (!link.parentNode) {","            return;","          }","          link.parentNode.removeChild(link);","          clone.onreadystatechange = null;","          return (_ref = _this.window.StyleFix) != null ? _ref.link(clone) : void 0;","        });","      });","    };","","    Reloader.prototype.reattachImportedRule = function(_arg) {","      var href, index, link, media, newRule, parent, rule, tempLink,","        _this = this;","      rule = _arg.rule, index = _arg.index, link = _arg.link;","      parent = rule.parentStyleSheet;","      href = this.generateCacheBustUrl(rule.href);","      media = rule.media.length ? [].join.call(rule.media, ', ') : '';","      newRule = \"@import url(\\\"\" + href + \"\\\") \" + media + \";\";","      rule.__LiveReload_newHref = href;","      tempLink = this.document.createElement(\"link\");","      tempLink.rel = 'stylesheet';","      tempLink.href = href;","      tempLink.__LiveReload_pendingRemoval = true;","      if (link.parentNode) {","        link.parentNode.insertBefore(tempLink, link);","      }","      return this.Timer.start(this.importCacheWaitPeriod, function() {","        if (tempLink.parentNode) {","          tempLink.parentNode.removeChild(tempLink);","        }","        if (rule.__LiveReload_newHref !== href) {","          return;","        }","        parent.insertRule(newRule, index);","        parent.deleteRule(index + 1);","        rule = parent.cssRules[index];","        rule.__LiveReload_newHref = href;","        return _this.Timer.start(_this.importCacheWaitPeriod, function() {","          if (rule.__LiveReload_newHref !== href) {","            return;","          }","          parent.insertRule(newRule, index);","          return parent.deleteRule(index + 1);","        });","      });","    };","","    Reloader.prototype.generateUniqueString = function() {","      return 'livereload=' + Date.now();","    };","","    Reloader.prototype.generateCacheBustUrl = function(url, expando) {","      var hash, oldParams, params, _ref;","      if (expando == null) {","        expando = this.generateUniqueString();","      }","      _ref = splitUrl(url), url = _ref.url, hash = _ref.hash, oldParams = _ref.params;","      if (this.options.overrideURL) {","        if (url.indexOf(this.options.serverURL) < 0) {","          url = this.options.serverURL + this.options.overrideURL + \"?url=\" + encodeURIComponent(url);","        }","      }","      params = oldParams.replace(/(\\?|&)livereload=(\\d+)/, function(match, sep) {","        return \"\" + sep + expando;","      });","      if (params === oldParams) {","        if (oldParams.length === 0) {","          params = \"?\" + expando;","        } else {","          params = \"\" + oldParams + \"&\" + expando;","        }","      }","      return url + params + hash;","    };","","    return Reloader;","","  })();","","}).call(this);","","// livereload","var Connector, LiveReload, Options, Reloader, Timer;","","Connector = __connector.Connector;","","Timer = __timer.Timer;","","Options = __options.Options;","","Reloader = __reloader.Reloader;","","__livereload.LiveReload = LiveReload = (function() {","","  function LiveReload(window) {","    var _this = this;","    this.window = window;","    this.listeners = {};","    this.plugins = [];","    this.pluginIdentifiers = {};","    this.console = this.window.location.href.match(/LR-verbose/) && this.window.console && this.window.console.log && this.window.console.error ? this.window.console : {","      log: function() {},","      error: function() {}","    };","    if (!(this.WebSocket = this.window.WebSocket || this.window.MozWebSocket)) {","      console.error(\"LiveReload disabled because the browser does not seem to support web sockets\");","      return;","    }","    if (!(this.options = Options.extract(this.window.document))) {","      console.error(\"LiveReload disabled because it could not find its own <SCRIPT> tag\");","      return;","    }","    this.reloader = new Reloader(this.window, this.console, Timer);","    this.connector = new Connector(this.options, this.WebSocket, Timer, {","      connecting: function() {},","      socketConnected: function() {},","      connected: function(protocol) {","        var _base;","        if (typeof (_base = _this.listeners).connect === \"function\") {","          _base.connect();","        }","        _this.log(\"LiveReload is connected to \" + _this.options.host + \":\" + _this.options.port + \" (protocol v\" + protocol + \").\");","        return _this.analyze();","      },","      error: function(e) {","        if (e instanceof ProtocolError) {","          return console.log(\"\" + e.message + \".\");","        } else {","          return console.log(\"LiveReload internal error: \" + e.message);","        }","      },","      disconnected: function(reason, nextDelay) {","        var _base;","        if (typeof (_base = _this.listeners).disconnect === \"function\") {","          _base.disconnect();","        }","        switch (reason) {","          case 'cannot-connect':","            return _this.log(\"LiveReload cannot connect to \" + _this.options.host + \":\" + _this.options.port + \", will retry in \" + nextDelay + \" sec.\");","          case 'broken':","            return _this.log(\"LiveReload disconnected from \" + _this.options.host + \":\" + _this.options.port + \", reconnecting in \" + nextDelay + \" sec.\");","          case 'handshake-timeout':","            return _this.log(\"LiveReload cannot connect to \" + _this.options.host + \":\" + _this.options.port + \" (handshake timeout), will retry in \" + nextDelay + \" sec.\");","          case 'handshake-failed':","            return _this.log(\"LiveReload cannot connect to \" + _this.options.host + \":\" + _this.options.port + \" (handshake failed), will retry in \" + nextDelay + \" sec.\");","          case 'manual':","            break;","          case 'error':","            break;","          default:","            return _this.log(\"LiveReload disconnected from \" + _this.options.host + \":\" + _this.options.port + \" (\" + reason + \"), reconnecting in \" + nextDelay + \" sec.\");","        }","      },","      message: function(message) {","        switch (message.command) {","          case 'reload':","            return _this.performReload(message);","          case 'alert':","            return _this.performAlert(message);","        }","      }","    });","  }","","  LiveReload.prototype.on = function(eventName, handler) {","    return this.listeners[eventName] = handler;","  };","","  LiveReload.prototype.log = function(message) {","    return this.console.log(\"\" + message);","  };","","  LiveReload.prototype.performReload = function(message) {","    var _ref, _ref2;","    this.log(\"LiveReload received reload request for \" + message.path + \".\");","    return this.reloader.reload(message.path, {","      liveCSS: (_ref = message.liveCSS) != null ? _ref : true,","      liveImg: (_ref2 = message.liveImg) != null ? _ref2 : true,","      originalPath: message.originalPath || '',","      overrideURL: message.overrideURL || '',","      serverURL: \"http://\" + this.options.host + \":\" + this.options.port","    });","  };","","  LiveReload.prototype.performAlert = function(message) {","    return alert(message.message);","  };","","  LiveReload.prototype.shutDown = function() {","    var _base;","    this.connector.disconnect();","    this.log(\"LiveReload disconnected.\");","    return typeof (_base = this.listeners).shutdown === \"function\" ? _base.shutdown() : void 0;","  };","","  LiveReload.prototype.hasPlugin = function(identifier) {","    return !!this.pluginIdentifiers[identifier];","  };","","  LiveReload.prototype.addPlugin = function(pluginClass) {","    var plugin;","    var _this = this;","    if (this.hasPlugin(pluginClass.identifier)) return;","    this.pluginIdentifiers[pluginClass.identifier] = true;","    plugin = new pluginClass(this.window, {","      _livereload: this,","      _reloader: this.reloader,","      _connector: this.connector,","      console: this.console,","      Timer: Timer,","      generateCacheBustUrl: function(url) {","        return _this.reloader.generateCacheBustUrl(url);","      }","    });","    this.plugins.push(plugin);","    this.reloader.addPlugin(plugin);","  };","","  LiveReload.prototype.analyze = function() {","    var plugin, pluginData, pluginsData, _i, _len, _ref;","    if (!(this.connector.protocol >= 7)) return;","    pluginsData = {};","    _ref = this.plugins;","    for (_i = 0, _len = _ref.length; _i < _len; _i++) {","      plugin = _ref[_i];","      pluginsData[plugin.constructor.identifier] = pluginData = (typeof plugin.analyze === \"function\" ? plugin.analyze() : void 0) || {};","      pluginData.version = plugin.constructor.version;","    }","    this.connector.sendCommand({","      command: 'info',","      plugins: pluginsData,","      url: this.window.location.href","    });","  };","","  return LiveReload;","","})();","","// less","var LessPlugin;","__less = LessPlugin = (function() {","  LessPlugin.identifier = 'less';","  LessPlugin.version = '1.0';","  function LessPlugin(window, host) {","    this.window = window;","    this.host = host;","  }","  LessPlugin.prototype.reload = function(path, options) {","    if (this.window.less && this.window.less.refresh) {","      if (path.match(/\\.less$/i)) {","        return this.reloadLess(path);","      }","      if (options.originalPath.match(/\\.less$/i)) {","        return this.reloadLess(options.originalPath);","      }","    }","    return false;","  };","  LessPlugin.prototype.reloadLess = function(path) {","    var link, links, _i, _len;","    links = (function() {","      var _i, _len, _ref, _results;","      _ref = document.getElementsByTagName('link');","      _results = [];","      for (_i = 0, _len = _ref.length; _i < _len; _i++) {","        link = _ref[_i];","        if (link.href && link.rel === 'stylesheet/less' || (link.rel.match(/stylesheet/) && link.type.match(/^text\\/(x-)?less$/))) {","          _results.push(link);","        }","      }","      return _results;","    })();","    if (links.length === 0) {","      return false;","    }","    for (_i = 0, _len = links.length; _i < _len; _i++) {","      link = links[_i];","      link.href = this.host.generateCacheBustUrl(link.href);","    }","    this.host.console.log(\"LiveReload is asking LESS to recompile all stylesheets\");","    this.window.less.refresh(true);","    return true;","  };","  LessPlugin.prototype.analyze = function() {","    return {","      disable: !!(this.window.less && this.window.less.refresh)","    };","  };","  return LessPlugin;","})();","","// startup","var CustomEvents, LiveReload, k;","CustomEvents = __customevents;","LiveReload = window.LiveReload = new (__livereload.LiveReload)(window);","for (k in window) {","  if (k.match(/^LiveReloadPlugin/)) {","    LiveReload.addPlugin(window[k]);","  }","}","LiveReload.addPlugin(__less);","LiveReload.on('shutdown', function() {","  return delete window.LiveReload;","});","LiveReload.on('connect', function() {","  return CustomEvents.fire(document, 'LiveReloadConnect');","});","LiveReload.on('disconnect', function() {","  return CustomEvents.fire(document, 'LiveReloadDisconnect');","});","CustomEvents.bind(document, 'LiveReloadShutDown', function() {","  return LiveReload.shutDown();","});","})();",""],"l":{"2":2,"3":2,"6":2,"7":2,"9":0,"10":0,"11":0,"12":0,"13":0,"14":0,"15":0,"19":0,"23":0,"24":0,"25":0,"26":0,"27":0,"28":0,"29":0,"30":0,"33":0,"37":2,"38":2,"41":2,"42":2,"43":0,"44":0,"46":0,"48":2,"49":2,"50":2,"51":1,"52":0,"54":2,"56":2,"57":1,"58":0,"59":0,"61":2,"62":0,"64":2,"65":0,"66":0,"67":0,"68":0,"69":0,"70":0,"71":0,"72":0,"73":0,"74":0,"75":0,"76":0,"78":0,"81":0,"82":0,"83":0,"84":0,"85":0,"87":0,"88":0,"89":0,"91":0,"97":0,"98":0,"101":0,"102":0,"104":0,"108":2,"109":0,"110":0,"111":0,"113":0,"115":0,"116":0,"118":0,"119":0,"121":0,"123":2,"128":2,"130":2,"132":2,"134":2,"136":1,"137":0,"138":0,"139":0,"140":0,"141":0,"142":0,"143":0,"144":0,"145":0,"146":0,"148":0,"149":0,"150":0,"151":0,"152":0,"155":0,"156":0,"159":0,"162":0,"163":0,"164":0,"166":0,"167":0,"169":0,"170":0,"171":0,"173":0,"175":0,"178":2,"179":0,"182":2,"183":0,"184":0,"185":0,"186":0,"188":0,"189":0,"190":0,"191":0,"192":0,"193":0,"194":0,"196":0,"197":0,"199":0,"200":0,"202":0,"203":0,"207":2,"208":0,"209":0,"210":0,"211":0,"213":0,"214":0,"217":2,"218":0,"219":0,"221":0,"222":0,"223":0,"227":2,"228":0,"229":0,"231":0,"234":2,"235":0,"238":2,"239":0,"240":0,"241":0,"244":2,"245":0,"246":0,"247":0,"248":0,"252":0,"253":0,"254":0,"256":0,"257":0,"259":0,"260":0,"262":0,"263":0,"266":2,"267":0,"268":0,"269":0,"272":2,"274":2,"275":0,"278":2,"283":2,"284":2,"285":2,"286":1,"287":0,"288":0,"289":0,"290":0,"291":0,"292":0,"293":0,"296":2,"297":0,"298":0,"300":0,"301":0,"303":2,"304":0,"305":0,"306":0,"307":0,"310":2,"312":2,"313":0,"317":2,"318":2,"319":1,"320":0,"321":0,"322":0,"323":0,"324":0,"325":0,"326":0,"327":0,"329":2,"330":0,"332":0,"334":0,"336":0,"339":2,"341":2,"342":0,"343":0,"344":0,"345":0,"346":0,"347":0,"348":0,"349":0,"350":0,"351":0,"354":0,"355":0,"356":0,"357":0,"358":0,"359":0,"363":0,"366":0,"371":2,"372":2,"374":2,"375":0,"376":0,"377":0,"378":0,"380":0,"382":0,"383":0,"384":0,"386":0,"388":0,"395":2,"396":0,"397":0,"398":0,"399":0,"401":0,"403":0,"406":2,"407":0,"408":0,"411":0,"412":0,"413":0,"414":0,"415":0,"421":0,"422":0,"424":0,"428":2,"429":0,"430":0,"431":0,"432":0,"433":0,"435":0,"436":0,"437":0,"438":0,"439":0,"440":0,"442":0,"445":2,"446":0,"449":2,"459":2,"461":2,"463":1,"464":0,"465":0,"466":0,"467":0,"468":0,"469":0,"472":2,"473":0,"476":2,"477":0,"480":2,"481":0,"482":0,"483":0,"484":0,"486":0,"487":0,"488":0,"489":0,"490":0,"493":0,"494":0,"495":0,"496":0,"500":0,"501":0,"502":0,"503":0,"506":0,"509":2,"510":0,"513":2,"514":0,"515":0,"516":0,"517":0,"518":0,"519":0,"520":0,"523":0,"524":0,"525":0,"526":0,"527":0,"528":0,"529":0,"533":0,"534":0,"535":0,"536":0,"537":0,"538":0,"540":0,"544":2,"545":0,"546":0,"547":0,"551":0,"552":0,"554":0,"555":0,"556":0,"558":0,"559":0,"561":0,"562":0,"563":0,"565":0,"567":0,"572":2,"573":0,"575":0,"576":0,"577":0,"578":0,"579":0,"580":0,"581":0,"583":0,"586":0,"587":0,"593":2,"594":0,"596":0,"597":0,"598":0,"599":0,"600":0,"601":0,"602":0,"603":0,"606":0,"608":0,"609":0,"610":0,"611":0,"612":0,"613":0,"616":0,"617":0,"618":0,"620":0,"621":0,"622":0,"623":0,"624":0,"627":0,"628":0,"629":0,"631":0,"632":0,"633":0,"634":0,"636":0,"637":0,"640":0,"641":0,"642":0,"643":0,"646":0,"649":2,"650":0,"651":0,"652":0,"656":0,"657":0,"658":0,"659":0,"661":0,"663":0,"669":0,"670":0,"672":0,"678":2,"679":0,"681":0,"682":0,"683":0,"684":0,"686":0,"687":0,"689":0,"690":0,"691":0,"692":0,"694":0,"695":0,"696":0,"697":0,"698":0,"700":0,"704":0,"707":2,"708":0,"711":2,"712":0,"714":0,"715":0,"717":0,"718":0,"719":0,"720":0,"721":0,"722":0,"724":0,"726":0,"727":0,"728":0,"729":0,"731":0,"733":0,"734":0,"735":0,"736":0,"738":0,"740":0,"741":0,"742":0,"743":0,"745":0,"746":0,"747":0,"752":2,"753":0,"755":0,"756":0,"757":0,"758":0,"759":0,"760":0,"761":0,"762":0,"763":0,"764":0,"765":0,"766":0,"768":0,"769":0,"770":0,"772":0,"773":0,"775":0,"776":0,"777":0,"778":0,"779":0,"780":0,"781":0,"783":0,"784":0,"789":2,"790":0,"793":2,"794":0,"795":0,"796":0,"798":0,"799":0,"800":0,"801":0,"804":0,"805":0,"807":0,"808":0,"809":0,"811":0,"814":0,"817":2,"824":2,"826":2,"828":2,"830":2,"832":2,"834":2,"836":1,"837":0,"838":0,"839":0,"840":0,"841":0,"842":0,"846":0,"847":0,"848":0,"850":0,"851":0,"852":0,"854":0,"855":0,"859":0,"860":0,"861":0,"863":0,"864":0,"867":0,"868":0,"870":0,"874":0,"875":0,"876":0,"878":0,"880":0,"882":0,"884":0,"886":0,"888":0,"890":0,"892":0,"896":0,"898":0,"900":0,"906":2,"907":0,"910":2,"911":0,"914":2,"915":0,"916":0,"917":0,"926":2,"927":0,"930":2,"931":0,"932":0,"933":0,"934":0,"937":2,"938":0,"941":2,"942":0,"943":0,"944":0,"945":0,"946":0,"953":0,"956":0,"957":0,"960":2,"961":0,"962":0,"963":0,"964":0,"965":0,"966":0,"967":0,"968":0,"970":0,"977":2,"982":2,"983":2,"984":2,"985":2,"986":1,"987":0,"988":0,"990":2,"991":0,"992":0,"993":0,"995":0,"996":0,"999":0,"1001":2,"1002":0,"1003":0,"1004":0,"1005":0,"1006":0,"1007":0,"1008":0,"1009":0,"1010":0,"1013":0,"1015":0,"1016":0,"1018":0,"1019":0,"1020":0,"1022":0,"1023":0,"1024":0,"1026":2,"1027":0,"1031":2,"1035":2,"1036":2,"1037":2,"1038":0,"1039":0,"1040":0,"1043":0,"1044":0,"1045":0,"1047":0,"1048":0,"1050":0,"1051":0,"1053":0,"1054":0}}}